( ("(") nil ())
( (")") nil ())
( ("*") nil ())
( ("/") nil ())
( ("0") nil (s u11 n 4 ))
( ("1") nil (n ww n2 1 ))
( ("1" "0") nil (s i1 pt 1 ))
( ("1" "4") nil (1 4 ))
( ("2") nil (s c1 n2 4 ))
( ("2" "0") nil (j i11 2 s i1 pt 1 ))
( ("3") nil (s a21 m 4 ))
( ("4") nil (s i11 1 ))
( ("5") nil (h a21 2 ))
( ("6") nil (h o1 kt 1 ))
( ("7") nil (ta e1 tt 1 ))
( ("8") nil (p ee11 tt 1 ))
( ("9") nil (k a21 w 2 ))
( ("ก") nil (k c1 ))
( ("ก" ".") nil (k c1 ))
( ("ก" "." "ค" ".") nil (k c1 kh c1 ))
( ("ก" "." "พ" ".") nil (k c1 ph c1 ))
( ("ก" "." "ย" ".") nil (k c1 j c1 ))
( ("ก" "ก") nil (k o1 kt 1 ))
( ("ก" "ก" "ุ" "ธ" "ภ" "ั" "ณ" "ฑ" "์") nil (k a1 1 k u1 tt 1 th a1 3 ph a1 n ))
( ("ก" "ข") nil (k c1 kh c1 4 ))
( ("ก" "ค") nil (k o1 k 1 ))
( ("ก" "ง") nil (k o1 n2 ))
( ("ก" "ง" "ก" "า" "ร") nil (k o1 n2 k a21 n ))
( ("ก" "ง" "ล" "้" "อ") nil (k o1 n2 l c1 3 ))
( ("ก" "ง" "ศ" "ุ" "ล") nil (k o1 n2 s u1 n 4 ))
( ("ก" "ง" "ส" "ี") nil (k o1 n2 s i11 4 ))
( ("ก" "ง" "ส" "ุ" "ล") nil (k o1 n2 s u1 n 4 ))
( ("ก" "ง" "เ" "ว" "ี" "ย" "น") nil (k o1 n2 w i1 a11 n ))
( ("ก" "ฎ") nil (k o1 tt 1 ))
( ("ก" "ฎ" "ข" "้" "อ" "บ" "ั" "ง" "ค" "ั" "บ") nil (k o1 tt 1 kh c1 2 b a1 n2 kh a1 pt 3 ))
( ("ก" "ฎ" "จ" "ร" "า" "จ" "ร") nil (k o1 tt 1 ta a1 1 r a21 ta c1 n ))
( ("ก" "ฎ" "บ" "ั" "ต" "ร") nil (k o1 tt 1 b a1 tt 1 ))
( ("ก" "ฎ" "ม" "น" "เ" "ท" "ี" "ย" "ร" "บ" "า" "ล") nil (k o1 tt 1 m o1 n th i1 a11 n b a21 n ))
( ("ก" "ฎ" "ร" "ะ" "เ" "บ" "ี" "ย" "บ") nil (k o1 t 1 r a1 3 b i11 a1 p 1 ))
( ("ก" "ฎ" "ห" "ม" "า" "ย") nil (k o1 tt 1 m a21 j 4 ))
( ("ก" "ฎ" "ห" "ม" "า" "ย" "ป" "ก" "ค" "ร" "อ" "ง") nil (k o1 tt 1 m a21 j 4 p o1 kt 1 kh r c1 n2 ))
( ("ก" "ฎ" "ห" "ม" "า" "ย" "ม" "ห" "า" "ช" "น") nil (k o1 tt 1 m a21 j 4 m a1 3 h a21 4 tah o1 n ))
( ("ก" "ฎ" "ห" "ม" "า" "ย" "ร" "ะ" "ห" "ว" "่" "า" "ง" "ป" "ร" "ะ" "เ" "ท" "ศ") nil (k o1 tt 1 m a21 j 4 r a1 3 w a21 n2 1 p r a1 1 th e11 tt 2 ))
( ("ก" "ฎ" "ห" "ม" "า" "ย" "ร" "ั" "ฐ" "ธ" "ร" "ร" "ม" "น" "ู" "ญ") nil (k o1 tt 1 m a21 j 4 r a1 tt 3 th a1 1 th a1 m m a1 3 n u11 n ))
( ("ก" "ฎ" "ห" "ม" "า" "ย" "เ" "ห" "ต" "ุ") nil (k o1 tt 1 m a21 j 4 h e11 tt 1 ))
( ("ก" "ฎ" "ห" "ม" "า" "ย" "เ" "อ" "ก" "ช" "น") nil (k o1 tt 1 m a21 j 4 q e11 kt 1 k a1 1 tah o1 n ))
( ("ก" "ฎ" "เ" "ก" "ณ" "ฑ" "์") nil (k o1 tt 1 k e11 n ))
( ("ก" "ฏ") nil (k o1 tt 1 ))
( ("ก" "ฐ" "ิ" "น") nil (k a1 1 th i1 n 4 ))
( ("ก" "ด") nil (k o1 tt 1 ))
( ("ก" "ด" "ข" "ี" "่") nil (k o1 tt 1 kh i11 1 ))
( ("ก" "ด" "ด" "ั" "น") nil (k o1 tt 1 d a1 n ))
( ("ก" "ด" "ป" "ุ" "่" "ม") nil (k o1 t 1 p u1 m 1 ))
( ("ก" "ต" "ั" "ญ" "ญ" "ู") nil (k a1 1 t a1 n j u11 ))
( ("ก" "ต" "ิ" "ก" "า") nil (k a1 1 t i1 1 k a21 ))
( ("ก" "ต" "ิ" "ก" "า" "ส" "ั" "ญ" "ญ" "า") nil (k a1 1 t i1 1 k a21 s a1 n 4 j a21 ))
( ("ก" "ต" "เ" "ว" "ท" "ี") nil (k a1 1 t a1 1 w e11 th i11 ))
( ("ก" "ถ" "า") nil (k a1 1 th a21 4 ))
( ("ก" "ท" "ม" ".") nil (k c1 th c1 m c1 ))
( ("ก" "น" "ก") nil (k a1 1 n o1 kt 1 ))
( ("ก" "บ") nil (k o1 pt 1 ))
( ("ก" "บ" "ฏ") nil (k a1 1 b o1 tt 1 ))
( ("ก" "บ" "น" "า") nil (k o1 pt 1 n a21 ))
( ("ก" "บ" "เ" "ล" "ื" "อ" "ก" "น" "า" "ย") nil (k o1 pt 1 l ww a11 kt 2 n a21 j ))
( ("ก" "บ" "เ" "ห" "ล" "า" "ด" "ิ" "น" "ส" "อ") nil (k o1 pt 1 l a1 w 4 d i1 n s c1 4 ))
( ("ก" "บ" "ใ" "น" "ก" "ะ" "ล" "า" "ค" "ร" "อ" "บ") nil (k o1 pt 1 n a1 j k a1 1 l a21 kh r c1 pt 2 ))
( ("ก" "ม" "ล") nil (k a1 1 m o1 n ))
( ("ก" "ร") nil (k c1 n ))
( ("ก" "ร" "ก" "ฎ") nil (k c1 r a1 3 k o1 tt 1 ))
( ("ก" "ร" "ก" "ฎ" "า") nil (k a1 1 r a1 3 k a1 1 d a21 ))
( ("ก" "ร" "ก" "ฎ" "า" "ค" "ม") nil (k a1 1 r a1 3 k a1 1 d a21 kh o1 m ))
( ("ก" "ร" "ง") nil (k r o1 n2 ))
( ("ก" "ร" "ง" "ข" "ั" "ง") nil (k r o1 n2 kh a1 n2 4 ))
( ("ก" "ร" "ง" "เ" "ล" "็" "บ") nil (k r o1 n2 l e1 pt 3 ))
( ("ก" "ร" "ณ" "ี") nil (k a1 1 r a1 3 n i11 ))
( ("ก" "ร" "ณ" "ี" "ท" "ี" "่") nil (k c1 n n i11 th i11 2 ))
( ("ก" "ร" "ณ" "ี" "พ" "ิ" "เ" "ศ" "ษ") nil (k c1 n n i11 ph i1 3 s e11 t 1 ))
( ("ก" "ร" "ด") nil (k r o1 tt 1 ))
( ("ก" "ร" "น") nil (k r o1 n ))
( ("ก" "ร" "ม") nil (k r o1 m ))
( ("ก" "ร" "ม" "ธ" "ร" "ร" "ม" "์") nil (k r o1 m m a1 3 th a1 n ))
( ("ก" "ร" "ม" "บ" "ั" "ญ" "ช" "ี" "ก" "ล" "า" "ง") nil (k r o1 m b a1 n c i11 k l a21 n2 ))
( ("ก" "ร" "ม" "ป" "ร" "ะ" "ม" "ง") nil (k r o1 m p r a1 1 m o1 n2 ))
( ("ก" "ร" "ม" "ว" "ิ" "ท" "ย" "า" "ศ" "า" "ส" "ต" "ร" "์" "บ" "ร" "ิ" "ก" "า" "ร") nil (k r o1 m w i1 t 3 th a1 3 j a21 s a21 t 1 b r i1 1 k a21 n ))
( ("ก" "ร" "ม" "ศ" "ิ" "ล" "ป" "า" "ก" "ร") nil (k r o1 m s i1 n 4 l a1 3 p a21 k c1 n ))
( ("ก" "ร" "ม" "อ" "า" "ช" "ี" "ว" "ศ" "ึ" "ก" "ษ" "า") nil (k r o1 m q a21 c i11 w a1 3 s ww k 1 s a21 4 ))
( ("ก" "ร" "ม" "โ" "ร" "ง" "ง" "า" "น" "อ" "ุ" "ต" "ส" "า" "ห" "ก" "ร" "ร" "ม") nil (k r o1 m r o11 n2 n2 a21 n q u1 t 1 s a21 4 h a1 1 k a1 m ))
( ("ก" "ร" "ม" "ไ" "ป" "ร" "ษ" "ณ" "ี" "ย" "์" "โ" "ท" "ร" "เ" "ล" "ข") nil (k r o1 m p r a1 j s a1 1 n i11 th o11 r a1 3 l e11 k 2 ))
( ("ก" "ร" "ร" "ป" "ุ" "ร" "ะ") nil (k a1 n p u1 1 r a1 q 3 ))
( ("ก" "ร" "ร" "ม") nil (k a1 m ))
( ("ก" "ร" "ร" "ม" "ก" "ร") nil (k a1 m m a1 3 k c1 n ))
( ("ก" "ร" "ร" "ม" "ก" "า" "ร") nil (k a1 m m a1 3 k a21 n ))
( ("ก" "ร" "ร" "ม" "ก" "า" "ร" "ผ" "ู" "้" "จ" "ั" "ด" "ก" "า" "ร") nil (k a1 m m a1 3 k a21 n ph u11 2 c a1 t 1 k a21 n ))
( ("ก" "ร" "ร" "ม" "ต" "า" "ม" "ส" "น" "อ" "ง") nil (k a1 m t a21 m s a1 1 n c1 n2 4 ))
( ("ก" "ร" "ร" "ม" "ว" "า" "จ" "ก") nil (k a1 m m a1 3 w a21 ta o1 kt 1 ))
( ("ก" "ร" "ร" "ม" "ว" "ิ" "ธ" "ี") nil (k a1 m m a1 3 w i1 3 th i11 ))
( ("ก" "ร" "ร" "ม" "า" "ช" "ี" "พ") nil (k a1 m m a21 tah i11 pt 2 ))
( ("ก" "ร" "ร" "เ" "ช" "ี" "ย" "ง") nil (k a1 n tah i1 a11 n2 ))
( ("ก" "ร" "ร" "ไ" "ก" "ร") nil (k a1 n k r a1 j ))
( ("ก" "ร" "ว" "ด") nil (k r u1 a11 tt 1 ))
( ("ก" "ร" "ว" "ย") nil (k r u1 a11 j ))
( ("ก" "ร" "อ") nil (k r c1 ))
( ("ก" "ร" "อ" "ก") nil (k r c1 kt 1 ))
( ("ก" "ร" "อ" "ง") nil (k r c1 n2 ))
( ("ก" "ร" "อ" "บ") nil (k r c1 pt 1 ))
( ("ก" "ร" "ะ") nil (k r a1 q 1 ))
( ("ก" "ร" "ะ" "จ" "ก") nil (k r a1 1 ta o1 kt 1 ))
( ("ก" "ร" "ะ" "จ" "ก" "ต" "า") nil (k r a1 1 ta o1 kt 1 t a21 ))
( ("ก" "ร" "ะ" "จ" "ก" "เ" "ง" "า") nil (k r a1 1 ta o1 kt 1 n2 a1 w ))
( ("ก" "ร" "ะ" "จ" "ง") nil (k r a1 1 ta o1 n2 ))
( ("ก" "ร" "ะ" "จ" "อ" "ก") nil (k r a1 1 ta c1 kt 1 ))
( ("ก" "ร" "ะ" "จ" "อ" "ก" "เ" "ท" "ศ") nil (k r a1 1 ta c1 kt 1 th e11 tt 2 ))
( ("ก" "ร" "ะ" "จ" "ั" "ด" "ก" "ร" "ะ" "จ" "า" "ย") nil (k r a1 1 c a1 t 1 k r a1 1 c a21 j ))
( ("ก" "ร" "ะ" "จ" "ั" "บ") nil (k r a1 1 ta a1 pt 1 ))
( ("ก" "ร" "ะ" "จ" "ั" "บ" "ป" "ี" "่") nil (k r a1 1 ta a1 pt 1 p i11 1 ))
( ("ก" "ร" "ะ" "จ" "า" "ด") nil (k r a1 1 ta a21 tt 1 ))
( ("ก" "ร" "ะ" "จ" "า" "ย") nil (k r a1 1 ta a21 j ))
( ("ก" "ร" "ะ" "จ" "ุ" "ก") nil (k r a1 1 ta u1 kt 1 ))
( ("ก" "ร" "ะ" "ช" "อ" "น") nil (k r a1 1 tah c1 n ))
( ("ก" "ร" "ะ" "ช" "า" "ก") nil (k r a1 1 tah a21 kt 2 ))
( ("ก" "ร" "ะ" "ช" "า" "ย") nil (k r a1 1 tah a21 j ))
( ("ก" "ร" "ะ" "ซ" "ิ" "บ") nil (k r a1 1 s i1 pt 3 ))
( ("ก" "ร" "ะ" "ซ" "ู" "่") nil (k r a1 1 s u11 2 ))
( ("ก" "ร" "ะ" "ด" "อ") nil (k r a1 1 d c1 ))
( ("ก" "ร" "ะ" "ด" "อ" "ง") nil (k r a1 1 d c1 n2 ))
( ("ก" "ร" "ะ" "ด" "ั" "ง" "ง" "า") nil (k r a1 1 d a1 n2 n2 a21 ))
( ("ก" "ร" "ะ" "ด" "า" "น") nil (k r a1 1 d a21 n ))
( ("ก" "ร" "ะ" "ด" "า" "น" "ช" "น" "ว" "น") nil (k r a1 1 d a21 n tah a1 3 n u1 a11 n ))
( ("ก" "ร" "ะ" "ด" "า" "น" "ด" "ำ") nil (k r a1 1 d a21 n d a1 m ))
( ("ก" "ร" "ะ" "ด" "า" "น" "ถ" "ี" "บ") nil (k r a1 1 d a21 n th i11 pt 1 ))
( ("ก" "ร" "ะ" "ด" "า" "น" "ล" "ื" "่" "น") nil (k r a1 1 d a21 n l w1 n 2 ))
( ("ก" "ร" "ะ" "ด" "า" "น" "ห" "ก") nil (k r a1 1 d a21 n h o1 kt 1 ))
( ("ก" "ร" "ะ" "ด" "า" "น" "ห" "ม" "า" "ก" "ร" "ุ" "ก") nil (k r a1 1 d a21 n m a21 kt 1 r u1 kt 3 ))
( ("ก" "ร" "ะ" "ด" "า" "น" "โ" "ต" "้" "ค" "ล" "ื" "่" "น") nil (k r a1 1 d a21 n t o11 2 kh l w1 n 2 ))
( ("ก" "ร" "ะ" "ด" "า" "น" "ไ" "ฟ") nil (k r a1 1 d a21 n f a1 j ))
( ("ก" "ร" "ะ" "ด" "า" "ษ") nil (k r a1 1 d a21 tt 1 ))
( ("ก" "ร" "ะ" "ด" "า" "ษ" "ช" "ำ" "ร" "ะ") nil (k r a1 1 d a21 tt 1 tah a1 m r a1 q 3 ))
( ("ก" "ร" "ะ" "ด" "า" "ษ" "ท" "ร" "า" "ย") nil (k r a1 1 d a21 tt 1 s a21 j ))
( ("ก" "ร" "ะ" "ด" "า" "ษ" "เ" "ง" "ิ" "น" "ก" "ร" "ะ" "ด" "า" "ษ" "ท" "อ" "ง") nil (k r a1 1 d a21 tt 1 n2 r1 n k r a1 1 d a21 tt 1 th c1 n2 ))
( ("ก" "ร" "ะ" "ด" "า" "ษ" "เ" "ช" "็" "ด" "ป" "า" "ก") nil (k r a1 1 d a21 tt 1 tah e1 tt 3 p a21 kt 1 ))
( ("ก" "ร" "ะ" "ด" "า" "ษ" "แ" "ก" "้" "ว") nil (k r a1 1 d a21 tt 1 k ee11 w 2 ))
( ("ก" "ร" "ะ" "ด" "า" "ษ" "แ" "ข" "็" "ง") nil (k r a1 1 d a21 tt 1 kh ee1 n2 4 ))
( ("ก" "ร" "ะ" "ด" "ิ" "ก") nil (k r a1 1 d i1 kt 1 ))
( ("ก" "ร" "ะ" "ด" "ิ" "่" "ง") nil (k r a1 1 d i1 n2 1 ))
( ("ก" "ร" "ะ" "ด" "ี" "่" "ไ" "ด" "้" "น" "้" "ำ") nil (k r a1 1 d i11 1 d a1 j 2 n a21 m 3 ))
( ("ก" "ร" "ะ" "ด" "ุ" "ม") nil (k r a1 1 d u1 m ))
( ("ก" "ร" "ะ" "ด" "ู" "ก") nil (k r a1 1 d u11 kt 1 ))
( ("ก" "ร" "ะ" "ด" "ู" "ก" "ง" "ู") nil (k r a1 1 d u11 kt 1 n2 u11 ))
( ("ก" "ร" "ะ" "ด" "ู" "ก" "ซ" "ี" "่" "โ" "ค" "ร" "ง") nil (k r a1 1 d u11 kt 1 s i11 2 kh r o11 n2 ))
( ("ก" "ร" "ะ" "ด" "ู" "ก" "ส" "ั" "น" "ห" "ล" "ั" "ง") nil (k r a1 1 d u11 kt 1 s a1 n 4 l a1 n2 4 ))
( ("ก" "ร" "ะ" "ด" "ู" "ก" "อ" "่" "อ" "น") nil (k r a1 1 d u11 kt 1 q c1 n 1 ))
( ("ก" "ร" "ะ" "ด" "ู" "ก" "เ" "ช" "ิ" "ง" "ก" "ร" "า" "น") nil (k r a1 1 d u11 kt 1 tah r1 n2 k r a21 n ))
( ("ก" "ร" "ะ" "ด" "ู" "ก" "แ" "ข" "็" "ง") nil (k r a1 1 d u11 k 1 kh ee1 n2 4 ))
( ("ก" "ร" "ะ" "ด" "ู" "ก" "โ" "ก" "ล" "น") nil (k r a1 1 d u11 kt 1 k l o11 n ))
( ("ก" "ร" "ะ" "ด" "ู" "ก" "โ" "ห" "น" "ก" "แ" "ก" "้" "ม") nil (k r a1 1 d u11 kt 1 n o11 kt 1 k ee11 m 2 ))
( ("ก" "ร" "ะ" "ด" "้" "ง") nil (k r a1 1 d o1 n2 2 ))
( ("ก" "ร" "ะ" "ด" "้" "า" "ง") nil (k r a1 1 d a21 n2 2 ))
( ("ก" "ร" "ะ" "ต" "ิ" "ก") nil (k r a1 1 t i1 kt 1 ))
( ("ก" "ร" "ะ" "ต" "ื" "อ" "ร" "ื" "อ" "ร" "้" "น") nil (k r a1 1 t w1 r w1 r o1 n 3 ))
( ("ก" "ร" "ะ" "ต" "ุ" "ก") nil (k r a1 1 t u1 kt 1 ))
( ("ก" "ร" "ะ" "ต" "ุ" "ก" "ห" "น" "ว" "ด" "เ" "ส" "ื" "อ") nil (k r a1 1 t u1 kt 1 n u1 a11 tt 1 s ww a11 4 ))
( ("ก" "ร" "ะ" "ต" "ุ" "้" "น") nil (k r a1 1 t u1 n 2 ))
( ("ก" "ร" "ะ" "ต" "่" "า" "ย") nil (k r a1 1 t a21 j 1 ))
( ("ก" "ร" "ะ" "ต" "่" "า" "ย" "ป" "่" "า") nil (k r a1 1 t a21 j 1 p a21 1 ))
( ("ก" "ร" "ะ" "ต" "่" "า" "ย" "ห" "ม" "า" "ย" "จ" "ั" "น" "ท" "ร" "์") nil (k r a1 1 t a21 j 1 m a21 j 4 ta a1 n ))
( ("ก" "ร" "ะ" "ถ" "า" "ง") nil (k r a1 1 th a21 n2 4 ))
( ("ก" "ร" "ะ" "ถ" "า" "ง" "ด" "อ" "ก" "ไ" "ม" "้") nil (k r a1 1 th a21 n2 4 d c1 kt 1 m a21 j 3 ))
( ("ก" "ร" "ะ" "ถ" "า" "ง" "ต" "้" "น" "ไ" "ม" "้") nil (k r a1 1 th a21 n2 4 t o1 n 2 m a21 j 3 ))
( ("ก" "ร" "ะ" "ท" "ง") nil (k r a1 1 th o1 n2 ))
( ("ก" "ร" "ะ" "ท" "บ") nil (k r a1 1 th o1 pt 3 ))
( ("ก" "ร" "ะ" "ท" "บ" "ก" "ร" "ะ" "เ" "ท" "ื" "อ" "น") nil (k r a1 1 th o1 p 3 k r a1 1 th w1 a1 n ))
( ("ก" "ร" "ะ" "ท" "ร" "ว" "ง") nil (k r a1 1 s u1 a11 n2 ))
( ("ก" "ร" "ะ" "ท" "ร" "ว" "ง" "ม" "ห" "า" "ด" "ไ" "ท" "ย") nil (k r a1 1 s u11 a1 n2 m a1 3 h a21 t 1 th a1 j ))
( ("ก" "ร" "ะ" "ท" "ร" "ว" "ง" "ศ" "ึ" "ก" "ษ" "า" "ธ" "ิ" "ก" "า" "ร") nil (k r a1 1 s u1 a11 n2 s ww kt 1 s a21 4 th i1 3 k a21 n ))
( ("ก" "ร" "ะ" "ท" "ร" "ว" "ง" "ส" "า" "ธ" "า" "ร" "ณ" "ส" "ุ" "ข") nil (k r a1 1 s u11 a1 n2 s a21 4 th a21 r o1 n n a1 3 s u1 k 1 ))
( ("ก" "ร" "ะ" "ท" "ร" "ว" "ง" "อ" "ุ" "ต" "ส" "า" "ห" "ก" "ร" "ร" "ม") nil (k r a1 1 s u11 a1 n2 q u1 t 1 s a21 4 h a1 1 k a1 m ))
( ("ก" "ร" "ะ" "ท" "ร" "ว" "ง" "เ" "ก" "ษ" "ต" "ร" "แ" "ล" "ะ" "ส" "ห" "ก" "ร" "ณ" "์") nil (k r a1 1 s u11 a1 n2 k a1 1 s e11 t 1 l ee1 3 s a1 1 h a1 1 k c1 n ))
( ("ก" "ร" "ะ" "ท" "ะ") nil (k r a1 1 th a1 q 3 ))
( ("ก" "ร" "ะ" "ท" "ั" "ด" "ร" "ั" "ด") nil (k r a1 1 th a1 tt 3 r a1 tt 3 ))
( ("ก" "ร" "ะ" "ท" "ั" "น" "ห" "ั" "น") nil (k r a1 1 th a1 n h a1 n 4 ))
( ("ก" "ร" "ะ" "ท" "ำ") nil (k r a1 1 th a1 m ))
( ("ก" "ร" "ะ" "ท" "ำ" "ก" "า" "ร") nil (k r a1 1 th a1 m k a21 n ))
( ("ก" "ร" "ะ" "ท" "ิ" "ง") nil (k r a1 1 th i1 n2 ))
( ("ก" "ร" "ะ" "ท" "ุ" "ง") nil (k r a1 1 th u1 n2 ))
( ("ก" "ร" "ะ" "ท" "ู" "้") nil (k r a1 1 th u11 3 ))
( ("ก" "ร" "ะ" "ท" "้" "อ" "น") nil (k r a1 1 th c1 n 3 ))
( ("ก" "ร" "ะ" "น" "ั" "้" "น") nil (k r a1 1 n a1 n 3 ))
( ("ก" "ร" "ะ" "บ" "ถ") nil (k r a1 1 b o1 tt 1 ))
( ("ก" "ร" "ะ" "บ" "ว" "น") nil (k r a1 1 b u1 a11 n ))
( ("ก" "ร" "ะ" "บ" "ว" "น" "ก" "า" "ร") nil (k r a1 1 b u1 a11 n k a21 n ))
( ("ก" "ร" "ะ" "บ" "ว" "น" "ก" "า" "ร" "ผ" "ล" "ิ" "ต") nil (k r a1 1 b u11 a1 n k a21 n ph a1 1 l i1 t 1 ))
( ("ก" "ร" "ะ" "บ" "อ" "ก") nil (k r a1 1 b c1 kt 1 ))
( ("ก" "ร" "ะ" "บ" "อ" "ก" "เ" "ส" "ี" "ย" "ง") nil (k r a1 1 b c1 kt 1 s i1 a11 n2 4 ))
( ("ก" "ร" "ะ" "บ" "อ" "ง") nil (k r a1 1 b c1 n2 ))
( ("ก" "ร" "ะ" "บ" "อ" "ง" "เ" "พ" "ช" "ร") nil (k r a1 1 b c1 n2 ph e1 tt 3 ))
( ("ก" "ร" "ะ" "บ" "ะ") nil (k r a1 1 b a1 q 1 ))
( ("ก" "ร" "ะ" "บ" "ี" "่") nil (k r a1 1 b i11 1 ))
( ("ก" "ร" "ะ" "บ" "ี" "่" "ก" "ร" "ะ" "บ" "อ" "ง") nil (k r a1 1 b i11 1 k r a1 1 b c1 n2 ))
( ("ก" "ร" "ะ" "บ" "ื" "อ") nil (k r a1 1 b w1 ))
( ("ก" "ร" "ะ" "บ" "ุ" "ง") nil (k r a1 1 b u1 n2 ))
( ("ก" "ร" "ะ" "ป" "ร" "ี" "้" "ก" "ร" "ะ" "เ" "ป" "ร" "่" "า") nil (k r a1 1 p r i11 2 k r a1 1 p r a1 w 1 ))
( ("ก" "ร" "ะ" "ป" "ุ" "ก") nil (k r a1 1 p u1 kt 1 ))
( ("ก" "ร" "ะ" "ป" "ุ" "ก" "อ" "อ" "ม" "ส" "ิ" "น") nil (k r a1 1 p u1 kt 1 q c1 m s i1 n 4 ))
( ("ก" "ร" "ะ" "ป" "๋" "อ" "ง") nil (k r a1 1 p c2 n2 4 ))
( ("ก" "ร" "ะ" "ผ" "ม") nil (k r a1 1 ph o1 m 4 ))
( ("ก" "ร" "ะ" "พ" "ร" "ิ" "บ") nil (k r a1 1 ph r i1 p 3 ))
( ("ก" "ร" "ะ" "พ" "ั" "ง") nil (k r a1 1 ph a1 n2 ))
( ("ก" "ร" "ะ" "พ" "ื" "อ" "ป" "ี" "ก") nil (k r a1 1 ph w1 p i11 k 1 ))
( ("ก" "ร" "ะ" "ม" "ั" "ง") nil (k r a1 1 m a1 n2 ))
( ("ก" "ร" "ะ" "ย" "า" "ง") nil (k r a1 1 j a21 n2 ))
( ("ก" "ร" "ะ" "ย" "า" "ห" "า" "ร") nil (k r a1 1 j a21 h a21 n 4 ))
( ("ก" "ร" "ะ" "ร" "อ" "ก") nil (k r a1 1 r c1 kt 2 ))
( ("ก" "ร" "ะ" "ษ" "ั" "ต" "ร" "ิ" "ย" "์") nil (k r a1 1 s a1 tt 1 ))
( ("ก" "ร" "ะ" "ษ" "ั" "ต" "ร" "ี") nil (k r a1 1 s a1 tt 1 t r i11 ))
( ("ก" "ร" "ะ" "ส" "ว" "น") nil (k r a1 1 s u1 a11 n 4 ))
( ("ก" "ร" "ะ" "ส" "ว" "ย") nil (k r a1 1 s u1 a11 j 4 ))
( ("ก" "ร" "ะ" "ส" "อ" "บ") nil (k r a1 1 s c1 pt 1 ))
( ("ก" "ร" "ะ" "ส" "ะ") nil (k r a1 1 s a1 q 1 ))
( ("ก" "ร" "ะ" "ส" "า") nil (k r a1 1 s a21 4 ))
( ("ก" "ร" "ะ" "ส" "า" "บ") nil (k r a1 1 s a21 pt 1 ))
( ("ก" "ร" "ะ" "ส" "า" "ย") nil (k r a1 1 s a21 j 4 ))
( ("ก" "ร" "ะ" "ส" "ื" "อ") nil (k r a1 1 s w1 4 ))
( ("ก" "ร" "ะ" "ส" "ุ" "น") nil (k r a1 1 s u1 n 4 ))
( ("ก" "ร" "ะ" "ห" "น" "ก") nil (k r a1 1 n o1 kt 1 ))
( ("ก" "ร" "ะ" "ห" "ม" "่" "อ" "ม") nil (k r a1 1 m c2 m 1 ))
( ("ก" "ร" "ะ" "ห" "ว" "ั" "ด") nil (k r a1 1 w a1 tt 1 ))
( ("ก" "ร" "ะ" "ห" "า" "ย") nil (k r a1 1 h a21 j 4 ))
( ("ก" "ร" "ะ" "อ" "ั" "ก") nil (k r a1 1 q a1 kt 1 ))
( ("ก" "ร" "ะ" "เ" "จ" "ี" "๊" "ย" "บ") nil (k r a1 1 ta i1 a11 pt 3 ))
( ("ก" "ร" "ะ" "เ" "จ" "ี" "๊" "ย" "ว") nil (k r a1 1 ta i1 a11 w 3 ))
( ("ก" "ร" "ะ" "เ" "ช" "า") nil (k r a1 1 tah a1 w ))
( ("ก" "ร" "ะ" "เ" "ซ" "ิ" "ง") nil (k r a1 1 s r1 n2 ))
( ("ก" "ร" "ะ" "เ" "ซ" "็" "น") nil (k r a1 1 s e1 n ))
( ("ก" "ร" "ะ" "เ" "ด" "ื" "อ" "ก") nil (k r a1 1 d ww a11 kt 1 ))
( ("ก" "ร" "ะ" "เ" "ด" "็" "น") nil (k r a1 1 d e1 n ))
( ("ก" "ร" "ะ" "เ" "ต" "็" "น") nil (k r a1 1 t e1 n ))
( ("ก" "ร" "ะ" "เ" "ท" "ี" "ย" "ม") nil (k r a1 1 th i1 a11 m ))
( ("ก" "ร" "ะ" "เ" "บ" "น") nil (k r a1 1 b e11 n ))
( ("ก" "ร" "ะ" "เ" "บ" "ื" "้" "อ" "ง") nil (k r a1 1 b ww a11 n2 2 ))
( ("ก" "ร" "ะ" "เ" "ป" "๋" "า") nil (k r a1 1 p a1 w 4 ))
( ("ก" "ร" "ะ" "เ" "ป" "๋" "า" "ธ" "น" "บ" "ั" "ต" "ร") nil (k r a1 1 p a1 w 4 th a1 3 n a1 3 b a1 tt 1 ))
( ("ก" "ร" "ะ" "เ" "ป" "๋" "า" "ส" "ต" "า" "ง" "ค" "์") nil (k r a1 1 p a1 w 4 s a1 1 t a21 n2 ))
( ("ก" "ร" "ะ" "เ" "ป" "๋" "า" "เ" "ด" "ิ" "น" "ท" "า" "ง") nil (k r a1 1 p a1 w 4 d r1 n th a21 n2 ))
( ("ก" "ร" "ะ" "เ" "พ" "า" "ะ") nil (k r a1 1 ph c2 q 3 ))
( ("ก" "ร" "ะ" "เ" "พ" "า" "ะ" "ป" "ั" "ส" "ส" "า" "ว" "ะ") nil (k r a1 1 ph c2 q 3 p a1 tt 1 s a21 4 w a1 q 3 ))
( ("ก" "ร" "ะ" "เ" "พ" "า" "ะ" "อ" "า" "ห" "า" "ร") nil (k r a1 1 ph c2 q 3 q a21 h a21 n 4 ))
( ("ก" "ร" "ะ" "เ" "ร" "ี" "ย" "น") nil (k r a1 1 r i1 a11 n ))
( ("ก" "ร" "ะ" "เ" "ห" "ร" "ี" "่" "ย" "ง") nil (k r a1 1 r i1 a11 n2 1 ))
( ("ก" "ร" "ะ" "แ" "ต") nil (k r a1 1 t ee11 ))
( ("ก" "ร" "ะ" "แ" "ท" "ก") nil (k r a1 1 th ee11 kt 2 ))
( ("ก" "ร" "ะ" "แ" "ส") nil (k r a1 1 s ee11 4 ))
( ("ก" "ร" "ะ" "แ" "ส" "ต" "ร" "ง") nil (k r a1 1 s ee11 4 t r o1 n2 ))
( ("ก" "ร" "ะ" "แ" "ส" "ส" "ล" "ั" "บ") nil (k r a1 1 s ee11 4 s a1 1 l a1 p 1 ))
( ("ก" "ร" "ะ" "แ" "ส" "ไ" "ฟ" "ฟ" "้" "า") nil (k r a1 1 s ee11 4 f a1 j f a21 3 ))
( ("ก" "ร" "ะ" "โ" "จ" "ม") nil (k r a1 1 ta o11 m ))
( ("ก" "ร" "ะ" "โ" "จ" "ม" "ไ" "ฟ") nil (k r a1 1 ta o11 m f a1 j ))
( ("ก" "ร" "ะ" "โ" "ช" "ก") nil (k r a1 1 tah o11 kt 2 ))
( ("ก" "ร" "ะ" "โ" "ด" "ด") nil (k r a1 1 d o11 tt 1 ))
( ("ก" "ร" "ะ" "โ" "ด" "ด" "ร" "่" "ม") nil (k r a1 1 d o11 tt 1 r o1 m 2 ))
( ("ก" "ร" "ะ" "โ" "ถ" "น") nil (k r a1 1 th o11 n 4 ))
( ("ก" "ร" "ะ" "โ" "ป" "ร" "ง") nil (k r a1 1 p r o11 n2 ))
( ("ก" "ร" "ะ" "ไ" "ด") nil (k r a1 1 d a1 j ))
( ("ก" "ร" "ั" "บ") nil (k c1 r a1 p 3 ))
( ("ก" "ร" "ั" "ม") nil (k r a1 m ))
( ("ก" "ร" "า" "ด") nil (k r a21 tt 1 ))
( ("ก" "ร" "า" "บ") nil (k r a21 p 1 ))
( ("ก" "ร" "า" "ฟ") nil (k r a21 f 3 ))
( ("ก" "ร" "า" "ฟ" "ฟ" "ิ" "ก") nil (k r a21 p 3 f i1 k 3 ))
( ("ก" "ร" "า" "ฟ" "ิ" "ก") nil (k r a21 f i1 k 3 ))
( ("ก" "ร" "า" "ฟ" "ิ" "ค") nil (k r a21 f i1 k 3 ))
( ("ก" "ร" "า" "ม") nil (k r a21 m ))
( ("ก" "ร" "า" "ว") nil (k r a21 w ))
( ("ก" "ร" "ิ" "ช") nil (k r i1 tt 1 ))
( ("ก" "ร" "ิ" "ย" "า") nil (k r i1 1 j a21 ))
( ("ก" "ร" "ิ" "ย" "า" "น" "ุ" "เ" "ค" "ร" "า" "ะ" "ห" "์") nil (k r i1 1 j a21 n u1 3 kh r c2 q 3 ))
( ("ก" "ร" "ิ" "ย" "า" "ว" "ล" "ี") nil (k r i1 1 j a21 w l i11 ))
( ("ก" "ร" "ิ" "ย" "า" "ว" "ิ" "เ" "ศ" "ษ" "ณ" "า" "น" "ุ" "ป" "ร" "ะ" "โ" "ย" "ค") nil (k r i1 1 j a21 w i1 3 s e11 4 s a1 1 n a21 n u1 3 p r a1 1 j o11 kt 1 ))
( ("ก" "ร" "ิ" "ย" "า" "ว" "ิ" "เ" "ศ" "ษ" "ณ" "์") nil (k r i1 1 j a21 w i1 3 s e11 tt 1 ))
( ("ก" "ร" "ิ" "ย" "า" "อ" "ก" "ร" "ร" "ม") nil (k r i1 1 j a21 q a1 1 k a1 m ))
( ("ก" "ร" "ิ" "่" "ง") nil (k r i1 n2 1 ))
( ("ก" "ร" "ิ" "่" "ง" "เ" "ก" "ร" "ง") nil (k r i1 n2 1 k r e11 n2 ))
( ("ก" "ร" "ิ" "้" "ว") nil (k r i1 w 2 ))
( ("ก" "ร" "ี") nil (k a1 1 r i11 ))
( ("ก" "ร" "ี" "ก") nil (k r i11 kt 1 ))
( ("ก" "ร" "ี" "ซ") nil (k r i11 s 1 ))
( ("ก" "ร" "ี" "ด") nil (k r i11 tt 1 ))
( ("ก" "ร" "ุ" "ง") nil (k r u1 n2 ))
( ("ก" "ร" "ุ" "ง" "เ" "ข" "ม" "า") nil (k r u1 n2 kh a1 1 m a1 w 4 ))
( ("ก" "ร" "ุ" "ง" "เ" "ท" "พ") nil (k r u1 n2 th e11 pt 2 ))
( ("ก" "ร" "ุ" "ง" "เ" "ท" "พ" "ม" "ห" "า" "น" "ค" "ร") nil (k r u1 n2 th e11 pt 2 m a1 3 h a21 4 n a1 3 kh c1 n ))
( ("ก" "ร" "ุ" "ง" "เ" "ท" "พ" "ฯ") nil (k r u1 n2 th e11 pt 2 ))
( ("ก" "ร" "ุ" "ณ" "า") nil (k a1 1 r u1 3 n a21 ))
( ("ก" "ร" "ุ" "่" "น") nil (k r u1 n 1 ))
( ("ก" "ร" "ุ" "๊" "ป") nil (k a1 1 r u1 p 3 ))
( ("ก" "ร" "ู") nil (k r u11 ))
( ("ก" "ร" "ู" "ม") nil (k r u11 m ))
( ("ก" "ร" "่" "อ" "น") nil (k r c2 n 1 ))
( ("ก" "ร" "่" "อ" "ย") nil (k r c2 j 1 ))
( ("ก" "ร" "่" "า" "ง") nil (k r a21 n2 1 ))
( ("ก" "ฤ" "ด" "ี" "ก" "า") nil (k r i1 1 d i11 k a21 ))
( ("ก" "ฤ" "ต" "ย" "ฎ" "ี" "ก" "า") nil (k r i1 tt 1 t a1 1 j a1 3 d i11 k a21 ))
( ("ก" "ฤ" "ษ" "ฎ" "ี" "ก" "า") nil (k r i1 tt 1 s a1 1 d i11 k a21 ))
( ("ก" "ฤ" "ษ" "ณ" "า") nil (k r i1 tt 1 s a1 1 n a21 4 ))
( ("ก" "ล") nil (k o1 n ))
( ("ก" "ล" "ฉ" "้" "อ" "ฉ" "ล") nil (k o1 n tah c1 2 tah o1 n 4 ))
( ("ก" "ล" "ด") nil (k l o1 tt 1 ))
( ("ก" "ล" "บ") nil (k l o1 pt 1 ))
( ("ก" "ล" "บ" "บ" "ั" "ต" "ร" "ส" "ุ" "ม" "เ" "พ" "ล" "ิ" "ง") nil (k l o1 pt 1 b a1 tt 1 s u1 m 4 ph l r1 n2 ))
( ("ก" "ล" "ม") nil (k l o1 m ))
( ("ก" "ล" "ม" "ก" "ล" "่" "อ" "ม") nil (k l o1 m k l c2 m 1 ))
( ("ก" "ล" "ม" "เ" "ก" "ล" "ี" "ย" "ว") nil (k l o1 m k l i1 a11 w ))
( ("ก" "ล" "ย" "ุ" "ท" "ธ") nil (k o1 n l a1 3 j u1 t 3 th a1 3 ))
( ("ก" "ล" "ว" "ง") nil (k l u1 a11 n2 ))
( ("ก" "ล" "ว" "ิ" "ธ" "ี") nil (k o1 n l a1 3 w i1 3 th i11 ))
( ("ก" "ล" "ศ" "า" "ส" "ต" "ร" "์") nil (k o1 n l a1 3 s a21 t 1 ))
( ("ก" "ล" "อ" "ง") nil (k l c1 n2 ))
( ("ก" "ล" "อ" "ง" "ท" "ั" "ด") nil (k l c1 n2 th a1 tt 3 ))
( ("ก" "ล" "อ" "ง" "ย" "า" "ว") nil (k l c1 n2 j a21 w ))
( ("ก" "ล" "อ" "ง" "ส" "อ" "ง" "ห" "น" "้" "า") nil (k l c1 n2 s c1 n2 4 n a21 2 ))
( ("ก" "ล" "อ" "ง" "แ" "ข" "ก") nil (k l c1 n2 kh ee11 kt 1 ))
( ("ก" "ล" "อ" "น") nil (k l c1 n ))
( ("ก" "ล" "ั" "ด") nil (k l a1 tt 1 ))
( ("ก" "ล" "ั" "บ") nil (k l a1 pt 1 ))
( ("ก" "ล" "ั" "บ" "ก" "ั" "น") nil (k l a1 p 1 k a1 n ))
( ("ก" "ล" "ั" "บ" "ค" "ื" "น") nil (k l a1 pt 1 kh w1 n ))
( ("ก" "ล" "ั" "บ" "ต" "ั" "ว") nil (k l a1 pt 1 t u1 a11 ))
( ("ก" "ล" "ั" "บ" "ต" "า" "ล" "ป" "ั" "ต" "ร") nil (k l a1 pt 1 t a21 l a1 3 p a1 tt 1 ))
( ("ก" "ล" "ั" "บ" "ม" "า") nil (k l a1 p 1 m a21 ))
( ("ก" "ล" "ั" "บ" "ล" "ำ") nil (k l a1 pt 1 l a1 m ))
( ("ก" "ล" "ั" "บ" "ห" "ล" "ั" "ง" "ห" "ั" "น") nil (k l a1 pt 1 l a1 n2 4 h a1 n 4 ))
( ("ก" "ล" "ั" "บ" "เ" "น" "ื" "้" "อ" "ก" "ล" "ั" "บ" "ต" "ั" "ว") nil (k l a1 pt 1 n ww a11 3 k l a1 pt 1 t u1 a11 ))
( ("ก" "ล" "ั" "ว") nil (k l u1 a11 ))
( ("ก" "ล" "ั" "ว" "ด" "อ" "ก" "พ" "ิ" "ก" "ุ" "ล" "จ" "ะ" "ร" "่" "ว" "ง") nil (k l u1 a11 d c1 kt 1 ph i1 3 k u1 n ta a1 1 r u1 a11 n2 2 ))
( ("ก" "ล" "ั" "่" "น") nil (k l a1 n 1 ))
( ("ก" "ล" "ั" "่" "น" "ก" "ร" "อ" "ง") nil (k l a1 n 1 k r c1 n2 ))
( ("ก" "ล" "ั" "่" "น" "ต" "ั" "ว") nil (k l a1 n 1 t u11 a1 ))
( ("ก" "ล" "ั" "้" "น") nil (k l a1 n 2 ))
( ("ก" "ล" "ั" "้" "ว") nil (k l u1 a11 2 ))
( ("ก" "ล" "า") nil (k a1 1 l a21 ))
( ("ก" "ล" "า" "ก") nil (k l a21 kt 1 ))
( ("ก" "ล" "า" "ง") nil (k l a21 n2 ))
( ("ก" "ล" "า" "ง" "ค" "ื" "น") nil (k l a21 n2 kh w1 n ))
( ("ก" "ล" "า" "ง" "ล" "ำ" "ต" "ั" "ว") nil (k l a21 n2 l a1 m t u11 a1 ))
( ("ก" "ล" "า" "ง" "ว" "ั" "น") nil (k l a21 n2 w a1 n ))
( ("ก" "ล" "า" "ง" "แ" "จ" "้" "ง") nil (k l a21 n2 ta ee11 n2 2 ))
( ("ก" "ล" "า" "ง" "แ" "ด" "ด") nil (k l a21 n2 d ee11 t 1 ))
( ("ก" "ล" "า" "บ" "า" "ต") nil (k a1 1 l a21 b a21 tt 1 ))
( ("ก" "ล" "า" "ย") nil (k l a21 j ))
( ("ก" "ล" "า" "ย" "พ" "ั" "น" "ธ" "ุ" "์") nil (k l a21 j ph a1 n ))
( ("ก" "ล" "า" "ย" "เ" "ป" "็" "น") nil (k l a21 j p e1 n ))
( ("ก" "ล" "า" "โ" "ห" "ม") nil (k a1 1 l a21 h o11 m 4 ))
( ("ก" "ล" "ิ" "่" "น") nil (k l i1 n 1 ))
( ("ก" "ล" "ิ" "่" "น" "ต" "ั" "ว") nil (k l i1 n 1 t u1 a11 ))
( ("ก" "ล" "ิ" "่" "น" "ห" "อ" "ม") nil (k l i1 n 1 h c1 m 4 ))
( ("ก" "ล" "ิ" "้" "ง") nil (k l i1 n2 2 ))
( ("ก" "ล" "ิ" "้" "ง" "เ" "ก" "ล" "ื" "อ" "ก") nil (k l i1 n2 2 k l ww a11 kt 1 ))
( ("ก" "ล" "ี" "บ") nil (k l i11 pt 1 ))
( ("ก" "ล" "ี" "บ" "ด" "อ" "ก") nil (k l i11 pt 1 d c1 kt 1 ))
( ("ก" "ล" "ี" "บ" "ด" "อ" "ก" "ไ" "ม" "้") nil (k l i11 pt 1 d c1 kt 1 m a21 j 3 ))
( ("ก" "ล" "ี" "บ" "ห" "ิ" "น") nil (k l i11 pt 1 h i1 n 4 ))
( ("ก" "ล" "ึ" "ง") nil (k l ww n2 ))
( ("ก" "ล" "ื" "น") nil (k l w1 n ))
( ("ก" "ล" "ื" "น" "ไ" "ม" "่" "เ" "ข" "้" "า" "ค" "า" "ย" "ไ" "ม" "่" "อ" "อ" "ก") nil (k l w1 n m a1 j 2 kh a1 w 2 kh a21 j m a1 j 2 q c1 kt 1 ))
( ("ก" "ล" "ุ" "่" "ม") nil (k l u1 m 1 ))
( ("ก" "ล" "ุ" "่" "ม" "เ" "ป" "้" "า" "ห" "ม" "า" "ย") nil (k l u1 m 1 p a1 w 2 m a21 j 4 ))
( ("ก" "ล" "ุ" "้" "ม") nil (k l u1 m 2 ))
( ("ก" "ล" "ู" "โ" "ค" "ส") nil (k l u11 kh o11 tt 3 ))
( ("ก" "ล" "เ" "ม" "็" "ด") nil (k o1 n l a1 3 m e1 tt 3 ))
( ("ก" "ล" "ไ" "ก") nil (k o1 n k a1 j ))
( ("ก" "ล" "่" "อ" "ง") nil (k l c2 n2 1 ))
( ("ก" "ล" "่" "อ" "ง" "ด" "น" "ต" "ร" "ี") nil (k l c2 n2 1 d o1 n t r i11 ))
( ("ก" "ล" "่" "อ" "ง" "ด" "ิ" "น" "ส" "อ") nil (k l c1 n2 1 d i1 n s c1 4 ))
( ("ก" "ล" "่" "อ" "ง" "เ" "ส" "ี" "ย" "ง") nil (k l c2 n2 1 s i1 a11 n2 4 ))
( ("ก" "ล" "่" "อ" "ม") nil (k l c2 m 1 ))
( ("ก" "ล" "่" "า" "ว") nil (k l a21 w 1 ))
( ("ก" "ล" "่" "า" "ว" "ค" "ื" "อ") nil (k l a21 w 1 kh w1 ))
( ("ก" "ล" "่" "า" "ว" "ถ" "ึ" "ง") nil (k l a21 w 1 th ww n2 4 ))
( ("ก" "ล" "่" "า" "ว" "ว" "่" "า") nil (k l a21 w 1 w a21 2 ))
( ("ก" "ล" "่" "า" "ว" "ห" "า") nil (k l a21 w 1 h a21 4 ))
( ("ก" "ล" "้" "ว" "ย") nil (k l u1 a11 j 2 ))
( ("ก" "ล" "้" "ว" "ย" "ไ" "ม" "้") nil (k l u1 a11 j 2 m a21 j 3 ))
( ("ก" "ล" "้" "อ" "ง") nil (k l c2 n2 2 ))
( ("ก" "ล" "้" "อ" "ง" "จ" "ุ" "ล" "ท" "ร" "ร" "ศ" "น" "์") nil (k l c2 n2 2 ta u1 n l a1 3 th a1 tt 3 ))
( ("ก" "ล" "้" "อ" "ง" "ถ" "่" "า" "ย" "ภ" "า" "พ") nil (k l c2 n2 2 th a21 j 1 ph a21 pt 2 ))
( ("ก" "ล" "้" "อ" "ง" "ถ" "่" "า" "ย" "ร" "ู" "ป") nil (k l c2 n2 2 th a21 j 1 r u11 pt 2 ))
( ("ก" "ล" "้" "อ" "ง" "ย" "า" "ส" "ู" "บ") nil (k l c1 n2 2 j a21 s u11 pt 1 ))
( ("ก" "ล" "้" "อ" "ง" "ย" "า" "เ" "ส" "้" "น") nil (k l c1 n2 2 j a21 s e11 n 2 ))
( ("ก" "ล" "้" "อ" "ง" "ส" "น" "า" "ม") nil (k l c1 n2 2 s a1 1 n a21 m 4 ))
( ("ก" "ล" "้" "อ" "ง" "ส" "อ" "ง" "ต" "า") nil (k l c1 n2 2 s c1 n2 4 t a21 ))
( ("ก" "ล" "้" "อ" "ง" "โ" "ท" "ร" "ท" "ร" "ร" "ศ" "น" "์") nil (k l c2 n2 2 th o11 r a1 3 th a1 tt 3 ))
( ("ก" "ล" "้" "อ" "ง" "โ" "ท" "ร" "ท" "ั" "ศ" "น" "์") nil (k l c1 n2 2 th o11 r a1 3 th a1 t 3 ))
( ("ก" "ล" "้" "า") nil (k l a21 2 ))
( ("ก" "ล" "้" "า" "ม") nil (k l a21 m 2 ))
( ("ก" "ล" "้" "า" "ม" "เ" "น" "ื" "้" "อ") nil (k l a21 m 2 n ww a11 3 ))
( ("ก" "ล" "้" "า" "ม" "เ" "น" "ื" "้" "อ" "ห" "ั" "ว" "ใ" "จ") nil (k l a21 m 2 n ww a11 3 h u1 a11 4 ta a1 j ))
( ("ก" "ล" "้" "า" "ย") nil (k l a21 j 2 ))
( ("ก" "ล" "้" "า" "ห" "า" "ญ") nil (k l a21 2 h a21 n 4 ))
( ("ก" "ล" "้" "ำ" "ก" "ล" "ื" "น") nil (k l a1 m 2 k l w1 n ))
( ("ก" "ว" "ด") nil (k u1 a11 tt 1 ))
( ("ก" "ว" "น") nil (k u1 a11 n ))
( ("ก" "ว" "ม") nil (k u1 a11 m ))
( ("ก" "ว" "ย" "จ" "ั" "๊" "บ") nil (k u1 a11 j ta a1 pt 3 ))
( ("ก" "ว" "ั" "ก") nil (k w a1 kt 1 ))
( ("ก" "ว" "ั" "ด") nil (k c1 w a1 t 3 ))
( ("ก" "ว" "า" "ง") nil (k w a21 n2 ))
( ("ก" "ว" "า" "ง" "ต" "ุ" "้" "ง") nil (k w a21 n2 t u1 n2 2 ))
( ("ก" "ว" "า" "ด") nil (k w a21 tt 1 ))
( ("ก" "ว" "า" "ด" "ต" "้" "อ" "น") nil (k w a21 tt 1 t c1 n 2 ))
( ("ก" "ว" "า" "ด" "ล" "้" "า" "ง") nil (k w a21 tt 1 l a21 n2 3 ))
( ("ก" "ว" "ี") nil (k a1 1 w i11 ))
( ("ก" "ว" "ี" "น" "ิ" "พ" "น" "ธ" "์") nil (k a1 1 w i11 n i1 3 ph o1 n ))
( ("ก" "ว" "่" "า") nil (k w a21 1 ))
( ("ก" "ว" "้" "า" "ง") nil (k w a21 n2 2 ))
( ("ก" "ว" "้" "า" "ง" "ข" "ว" "า" "ง") nil (k w a21 n2 2 kh w a21 n2 4 ))
( ("ก" "ว" "้" "า" "ง" "ใ" "ห" "ญ" "่") nil (k w a21 n2 2 j a1 j 1 ))
( ("ก" "ว" "้" "า" "น") nil (k w a21 n 2 ))
( ("ก" "ษ" "ั" "ต" "ร") nil (k a1 1 s a1 tt 1 ))
( ("ก" "ษ" "ั" "ต" "ร" "า") nil (k r a1 1 s a1 tt 1 t r a21 ))
( ("ก" "ษ" "ั" "ต" "ร" "ิ" "ย" "์") nil (k a1 1 s a1 tt 1 ))
( ("ก" "ษ" "ั" "ต" "ร" "ี") nil (k a1 1 s a1 tt 1 t r i11 ))
( ("ก" "ษ" "ั" "ต" "ร" "ี" "ย" "์") nil (k a1 1 s a1 tt 1 t r i11 ))
( ("ก" "ษ" "า" "ป" "ณ" "์") nil (k a1 1 s a21 pt 1 ))
( ("ก" "ษ" "ี" "ร") nil (k a1 1 s i11 4 r a1 q 3 ))
( ("ก" "ษ" "ี" "ร" "ะ") nil (k a1 1 s i11 4 r a1 q 3 ))
( ("ก" "ส" "ิ") nil (k a1 1 s i1 q 1 ))
( ("ก" "ส" "ิ" "ก" "ร") nil (k a1 1 s i1 1 k c1 n ))
( ("ก" "ส" "ิ" "ก" "ร" "ร" "ม") nil (k a1 1 s i1 1 k a1 m ))
( ("ก" "ส" "์") nil (k c1 ))
( ("ก" "อ") nil (k c1 ))
( ("ก" "อ" "ก") nil (k c1 kt 1 ))
( ("ก" "อ" "ง") nil (k c1 n2 ))
( ("ก" "อ" "ง" "ก" "ำ" "ล" "ั" "ง") nil (k c1 n2 k a1 m l a1 n2 ))
( ("ก" "อ" "ง" "ท" "ั" "พ") nil (k c1 n2 th a1 pt 3 ))
( ("ก" "อ" "ง" "ท" "ั" "พ" "บ" "ก") nil (k c1 n2 th a1 pt 3 b o1 kt 1 ))
( ("ก" "อ" "ง" "ท" "ั" "พ" "ม" "ด") nil (k c1 n2 th a1 pt 3 m o1 tt 3 ))
( ("ก" "อ" "ง" "ท" "ั" "พ" "เ" "ร" "ื" "อ") nil (k c1 n2 th a1 pt 3 r ww a11 ))
( ("ก" "อ" "ง" "ท" "ุ" "น") nil (k c1 n2 th u1 n ))
( ("ก" "อ" "ง" "ม" "ร" "ด" "ก") nil (k c1 n2 m c1 r a1 3 d o1 kt 1 ))
( ("ก" "อ" "ง" "ห" "น" "ุ" "น") nil (k c1 n2 n u1 n 4 ))
( ("ก" "อ" "ง" "เ" "ร" "ื" "อ") nil (k c1 n2 r ww a11 ))
( ("ก" "อ" "ด") nil (k c1 tt 1 ))
( ("ก" "อ" "ด" "เ" "ก" "้" "า" "อ" "ี" "้") nil (k c1 tt 1 k a1 w 2 q i11 2 ))
( ("ก" "อ" "บ") nil (k c1 pt 1 ))
( ("ก" "อ" "ป" "ร") nil (k c1 pt 1 ))
( ("ก" "อ" "ร" "ิ" "ล" "ล" "า") nil (k c1 r i1 n l a21 2 ))
( ("ก" "อ" "ล" "์" "ฟ") nil (k c1 pt 3 ))
( ("ก" "ะ") nil (k a1 q 1 ))
( ("ก" "ะ" "ท" "ะ") nil (k a1 1 th a1 q 3 ))
( ("ก" "ะ" "ท" "ั" "ด" "ร" "ั" "ด") nil (k a1 1 th a1 tt 3 r a1 tt 3 ))
( ("ก" "ะ" "ท" "ั" "น" "ห" "ั" "น") nil (k a1 1 th a1 n h a1 n 4 ))
( ("ก" "ะ" "ท" "ิ") nil (k a1 1 th i1 q 3 ))
( ("ก" "ะ" "บ" "ั" "ง") nil (k a1 1 b a1 n2 ))
( ("ก" "ะ" "บ" "ั" "ง" "ล" "ม") nil (k a1 1 b a1 n2 l o1 m ))
( ("ก" "ะ" "ป" "ิ") nil (k a1 1 p i1 q 1 ))
( ("ก" "ะ" "พ" "ร" "ิ" "บ") nil (k a1 1 ph r i1 pt 3 ))
( ("ก" "ะ" "พ" "ร" "ุ" "น") nil (k a1 1 ph r u1 n ))
( ("ก" "ะ" "ร" "ุ" "น") nil (k a1 1 r u1 n ))
( ("ก" "ะ" "ล" "ะ" "ป" "ั" "ง" "ห" "า") nil (k a1 1 l a1 3 p a1 n2 h a21 4 ))
( ("ก" "ะ" "ล" "ะ" "แ" "ม") nil (k a1 1 l a1 3 m ee11 ))
( ("ก" "ะ" "ล" "า") nil (k a1 1 l a21 ))
( ("ก" "ะ" "ล" "า" "ส" "ี") nil (k a1 1 l a21 s i11 4 ))
( ("ก" "ะ" "ห" "ร" "ี" "่") nil (k a1 1 r i11 1 ))
( ("ก" "ะ" "ห" "ล" "่" "ำ") nil (k a1 1 l a1 m 1 ))
( ("ก" "ะ" "ห" "ล" "่" "ำ" "ป" "ล" "ี") nil (k a1 1 l a1 m 1 p l i11 ))
( ("ก" "ะ" "เ" "ท" "ย") nil (k a1 1 th r1 j ))
( ("ก" "ะ" "เ" "พ" "ร" "า") nil (k a1 1 ph r a1 w ))
( ("ก" "ะ" "เ" "ห" "ร" "ี" "่" "ย" "ง") nil (k a1 1 r i1 a11 n2 1 ))
( ("ก" "ะ" "เ" "อ" "ว") nil (k a1 1 q e11 w ))
( ("ก" "ะ" "โ" "ห" "ล" "ก") nil (k a1 1 l o11 kt 1 ))
( ("ก" "ะ" "ไ" "ด") nil (k a1 1 d a1 j ))
( ("ก" "ั" "ก") nil (k a1 kt 1 ))
( ("ก" "ั" "ก" "ก" "ั" "น") nil (k a1 kt 1 k a1 n ))
( ("ก" "ั" "ก" "ข" "ฬ" "ะ") nil (k a1 kt 1 kh a1 1 l a1 q 1 ))
( ("ก" "ั" "ก" "ข" "ั" "ง") nil (k a1 kt 1 kh a1 n2 4 ))
( ("ก" "ั" "ง") nil (k a1 n2 ))
( ("ก" "ั" "ง" "ฉ" "ิ" "น") nil (k a1 n2 tah i1 n 4 ))
( ("ก" "ั" "ง" "ฟ" "ู") nil (k a1 n2 f u11 ))
( ("ก" "ั" "ง" "ว" "ล") nil (k a1 n2 w o1 n ))
( ("ก" "ั" "ญ" "ช" "า") nil (k a1 n tah a21 ))
( ("ก" "ั" "ณ" "ฑ" "์") nil (k a1 n ))
( ("ก" "ั" "ด") nil (k a1 tt 1 ))
( ("ก" "ั" "ด" "ก" "ร" "่" "อ" "น") nil (k a1 t 1 k r c1 n 1 ))
( ("ก" "ั" "ท" "ร") nil (k a1 t 1 th a1 3 r c1 ))
( ("ก" "ั" "น") nil (k a1 n ))
( ("ก" "ั" "น" "ช" "น") nil (k a1 n tah o1 n ))
( ("ก" "ั" "น" "ด" "า" "ร") nil (k a1 n d a21 n ))
( ("ก" "ั" "น" "ด" "า" "ล") nil (k a1 n d a21 n ))
( ("ก" "ั" "น" "ท" "ี" "่") nil (k a1 n th i11 2 ))
( ("ก" "ั" "น" "ย" "า") nil (k a1 n j a21 ))
( ("ก" "ั" "น" "ย" "า" "ย" "น") nil (k a1 n j a21 j o1 n ))
( ("ก" "ั" "น" "ย" "์") nil (k a1 n ))
( ("ก" "ั" "น" "ส" "า" "ด") nil (k a1 n s a21 tt 1 ))
( ("ก" "ั" "น" "แ" "ล" "ะ" "ก" "ั" "น") nil (k a1 n l ee1 q 3 k a1 n ))
( ("ก" "ั" "บ") nil (k a1 pt 1 ))
( ("ก" "ั" "บ" "ข" "้" "า" "ว") nil (k a1 pt 1 kh a21 w 2 ))
( ("ก" "ั" "บ" "ด" "ั" "ก") nil (k a1 pt 1 d a1 kt 1 ))
( ("ก" "ั" "บ" "ร" "ะ" "เ" "บ" "ิ" "ด") nil (k a1 pt 1 r a1 3 b r1 tt 1 ))
( ("ก" "ั" "บ" "แ" "ก" "ล" "้" "ม") nil (k a1 pt 1 k l ee11 m 2 ))
( ("ก" "ั" "ม" "พ" "ู" "ช" "า") nil (k a1 m ph u11 tah a21 ))
( ("ก" "ั" "ล" "ณ") nil (k a1 n n a1 3 ))
( ("ก" "ั" "ล" "บ" "ก") nil (k a1 n l a1 3 b o1 kt 1 ))
( ("ก" "ั" "ล" "ป" "ั" "ง" "ห" "า") nil (k a1 n l a1 3 p a1 n2 h a21 4 ))
( ("ก" "ั" "ล" "ป" "า" "ว" "ส" "า" "น") nil (k a1 n l a1 3 p a21 w a1 3 s a21 n 4 ))
( ("ก" "ั" "ล" "ย" "า") nil (k a1 n l a1 3 j a21 ))
( ("ก" "ั" "ล" "ย" "า" "ณ" "ี") nil (k a1 n l a1 3 j a21 n i11 ))
( ("ก" "ั" "ว" "ล" "า" "ล" "ั" "ม" "เ" "ป" "อ" "ร" "์") nil (k u1 a11 l a21 l a1 m p r1 ))
( ("ก" "ั" "ว" "เ" "ต" "ม" "า" "ล" "า") nil (k u1 a11 t e11 m a21 l a21 ))
( ("ก" "ั" "ศ" "ม" "ี" "ร" "์") nil (k a1 tt 1 s a1 1 m i11 4 ))
( ("ก" "ั" "่" "น") nil (k a1 n 1 ))
( ("ก" "ั" "้" "ง") nil (k a1 n2 2 ))
( ("ก" "ั" "้" "น") nil (k a1 n 2 ))
( ("ก" "า") nil (k a21 ))
( ("ก" "า" "ก") nil (k a21 kt 1 ))
( ("ก" "า" "ก" "น" "้" "ำ" "ต" "า" "ล") nil (k a21 kt 1 n a21 m 3 t a21 n ))
( ("ก" "า" "ก" "บ" "า" "ท") nil (k a21 k a1 1 b a21 tt 1 ))
( ("ก" "า" "ก" "ี") nil (k a21 k i11 ))
( ("ก" "า" "ก" "เ" "พ" "ช" "ร") nil (k a21 kt 1 ph e1 tt 3 ))
( ("ก" "า" "ง") nil (k a21 n2 ))
( ("ก" "า" "ง" "เ" "ก" "ง") nil (k a21 n2 k e11 n2 ))
( ("ก" "า" "ง" "เ" "ก" "ง" "ข" "า" "ส" "ั" "้" "น") nil (k a21 n2 k e11 n2 kh a21 4 s a1 n 2 ))
( ("ก" "า" "ง" "เ" "ก" "ง" "ใ" "น") nil (k a21 n2 k e11 n2 n a1 j ))
( ("ก" "า" "ง" "เ" "ข" "น") nil (k a21 n2 kh e11 n 4 ))
( ("ก" "า" "ญ" "จ" "น" "บ" "ุ" "ร" "ี") nil (k a21 n ta a1 1 n a1 3 b u1 1 r i11 ))
( ("ก" "า" "ญ" "จ" "น" "า" "ภ" "ิ" "เ" "ษ" "ก") nil (k a21 n ta a1 1 n a21 ph i1 3 s e11 kt 1 ))
( ("ก" "า" "ฐ" "ม" "า" "ณ" "ฑ" "ุ") nil (k a21 tt 1 m a21 n d u1 q 1 ))
( ("ก" "า" "ด") nil (k a21 tt 1 ))
( ("ก" "า" "ต" "า" "ร" "์") nil (k a21 t a21 2 ))
( ("ก" "า" "น") nil (k a21 n ))
( ("ก" "า" "น" "ต" "์") nil (k a21 n ))
( ("ก" "า" "น" "ท" "์") nil (k a21 n ))
( ("ก" "า" "น" "พ" "ล" "ู") nil (k a21 n ph l u11 ))
( ("ก" "า" "น" "า") nil (k a21 n a21 2 ))
( ("ก" "า" "บ") nil (k a21 pt 1 ))
( ("ก" "า" "บ" "ห" "อ" "ย" "แ" "ค" "ร" "ง") nil (k a21 pt 1 h c2 j 4 kh r ee11 n2 ))
( ("ก" "า" "บ" "อ" "ง") nil (k a21 b c1 n2 ))
( ("ก" "า" "ฝ" "า" "ก") nil (k a21 f a21 kt 1 ))
( ("ก" "า" "ม") nil (k a21 m ))
( ("ก" "า" "ม" "โ" "ร" "ค") nil (k a21 m m a1 3 r o11 kt 2 ))
( ("ก" "า" "ย") nil (k a21 j ))
( ("ก" "า" "ย" "ก" "ร" "ร" "ม") nil (k a21 j j a1 3 k a1 m ))
( ("ก" "า" "ย" "ภ" "า" "พ" "บ" "ำ" "บ" "ั" "ด") nil (k a21 j j a1 3 ph a21 p 2 b a1 m b a1 t 1 ))
( ("ก" "า" "ย" "ว" "ิ" "ภ" "า" "ค" "ศ" "า" "ส" "ต" "ร" "์") nil (k a21 j w i1 3 ph a21 kt 2 kh a1 3 s a21 tt 1 ))
( ("ก" "า" "ย" "อ" "า" "น" "า") nil (k a21 j q a21 n a21 2 ))
( ("ก" "า" "ร") nil (k a21 n ))
( ("ก" "า" "ร" "ก") nil (k a21 n k c1 ))
( ("ก" "า" "ร" "ก" "บ" "ฏ") nil (k a21 n k a1 1 b o1 tt 1 ))
( ("ก" "า" "ร" "ก" "ร" "อ" "ก") nil (k a21 n k r c1 kt 1 ))
( ("ก" "า" "ร" "ก" "ร" "อ" "ง") nil (k a21 n k r c1 n2 ))
( ("ก" "า" "ร" "ก" "ร" "ะ" "ท" "ำ") nil (k a21 n k r a1 1 th a1 m ))
( ("ก" "า" "ร" "ก" "ร" "ะ" "พ" "ร" "ิ" "บ") nil (k a21 n k r a1 1 ph r i1 pt 3 ))
( ("ก" "า" "ร" "ก" "ร" "า" "บ") nil (k a21 n k r a21 pt 1 ))
( ("ก" "า" "ร" "ก" "ล" "า" "ย" "พ" "ั" "น" "ธ" "ุ" "์") nil (k a21 n k l a21 j ph a1 n ))
( ("ก" "า" "ร" "ก" "ล" "ื" "น") nil (k a21 n k l w1 n ))
( ("ก" "า" "ร" "ก" "ว" "า" "ด") nil (k a21 n k w a21 t 1 ))
( ("ก" "า" "ร" "ก" "ำ" "ก" "ั" "บ") nil (k a21 n k a1 m k a1 pt 1 ))
( ("ก" "า" "ร" "ก" "่" "อ" "ก" "า" "ร" "ร" "้" "า" "ย") nil (k a21 n k c1 1 k a21 n r a21 j 3 ))
( ("ก" "า" "ร" "ข" "น" "ส" "่" "ง") nil (k a21 n kh o1 n 4 s o1 n2 1 ))
( ("ก" "า" "ร" "ข" "อ" "อ" "น" "ุ" "ม" "ั" "ต" "ิ") nil (k a21 n kh c1 4 q a1 1 n u1 3 m a1 t 3 ))
( ("ก" "า" "ร" "ข" "ั" "บ") nil (k a21 n kh a1 p 1 ))
( ("ก" "า" "ร" "ข" "โ" "ม" "ย") nil (k a21 n kh a1 1 m o11 j ))
( ("ก" "า" "ร" "ข" "่" "ม" "ข" "ื" "น") nil (k a21 n kh o1 m 1 kh w1 n 4 ))
( ("ก" "า" "ร" "ค" "น") nil (k a21 n kh o1 n ))
( ("ก" "า" "ร" "ค" "ร" "อ" "บ" "ค" "ร" "อ" "ง") nil (k a21 n kh r c1 pt 2 kh r c1 n2 ))
( ("ก" "า" "ร" "ค" "ว" "บ" "แ" "น" "่" "น") nil (k a21 n kh u1 a11 pt 2 n ee1 n 2 ))
( ("ก" "า" "ร" "ค" "อ" "ย") nil (k a21 n kh c1 j ))
( ("ก" "า" "ร" "ค" "า" "ย" "น" "้" "ำ") nil (k a21 n kh a21 j n a21 m 3 ))
( ("ก" "า" "ร" "ค" "ำ" "น" "ว" "ณ") nil (k a21 n kh a1 m n u1 a11 n ))
( ("ก" "า" "ร" "ค" "ื" "น") nil (k a21 n kh w1 n ))
( ("ก" "า" "ร" "ค" "ุ" "ม") nil (k a21 n kh u1 m ))
( ("ก" "า" "ร" "ค" "ู" "ณ") nil (k a21 n kh u11 n ))
( ("ก" "า" "ร" "ค" "้" "น" "ค" "ว" "้" "า") nil (k a21 n kh o1 n 3 kh w a21 3 ))
( ("ก" "า" "ร" "ค" "้" "น" "ค" "ว" "้" "า" "ว" "ิ" "จ" "ั" "ย") nil (k a21 n kh o1 n 3 kh w a21 3 w i1 3 c a1 j ))
( ("ก" "า" "ร" "ค" "้" "า") nil (k a21 n kh a21 3 ))
( ("ก" "า" "ร" "ค" "้" "า" "ป" "ร" "ะ" "เ" "ว" "ณ" "ี") nil (k a21 n kh a21 3 p r a1 1 w e11 n i11 ))
( ("ก" "า" "ร" "ฆ" "่" "า" "ต" "ั" "ว" "ต" "า" "ย") nil (k a21 n kh a21 2 t u1 a11 t a21 j ))
( ("ก" "า" "ร" "ฆ" "่" "า" "ฟ" "ั" "น") nil (k a21 n kh a21 2 f a1 n ))
( ("ก" "า" "ร" "ง" "ด") nil (k a21 n n2 o1 tt 3 ))
( ("ก" "า" "ร" "ง" "า" "น") nil (k a21 n n2 a21 n ))
( ("ก" "า" "ร" "จ" "ด") nil (k a21 n c o1 t 1 ))
( ("ก" "า" "ร" "จ" "ล" "า" "จ" "ล") nil (k a21 n ta a1 1 l a21 ta o1 n ))
( ("ก" "า" "ร" "จ" "ั" "ด" "ร" "ะ" "บ" "บ") nil (k a21 n c a1 t 1 r a1 3 b o1 p 1 ))
( ("ก" "า" "ร" "จ" "ั" "ด" "เ" "ต" "ร" "ี" "ย" "ม") nil (k a21 n c a1 t 1 t r i11 a1 m ))
( ("ก" "า" "ร" "จ" "ำ" "ล" "อ" "ง") nil (k a21 n c a1 m l c1 n2 ))
( ("ก" "า" "ร" "จ" "ำ" "แ" "น" "ก") nil (k a21 n c a1 m n ee11 k 2 ))
( ("ก" "า" "ร" "ฉ" "า" "ย") nil (k a21 n c a21 j 4 ))
( ("ก" "า" "ร" "ช" "น" "ะ") nil (k a21 n tah a1 3 n a1 q 3 ))
( ("ก" "า" "ร" "ช" "ั" "่" "ง") nil (k a21 n tah a1 n2 2 ))
( ("ก" "า" "ร" "ช" "ุ" "บ") nil (k a21 n c u1 p 3 ))
( ("ก" "า" "ร" "ซ" "่" "อ" "น") nil (k a21 n s c1 n 2 ))
( ("ก" "า" "ร" "ณ" "์") nil (k a21 n ))
( ("ก" "า" "ร" "ด" "ำ" "เ" "น" "ิ" "น" "ช" "ี" "ว" "ิ" "ต") nil (k a21 n d a1 m n r1 n c i11 w i1 t 3 ))
( ("ก" "า" "ร" "ต" "ร" "ว" "จ" "ว" "ั" "ด") nil (k a21 n t r u11 a1 t 1 w a1 t 3 ))
( ("ก" "า" "ร" "ต" "ล" "า" "ด") nil (k a21 n t a1 1 l a21 tt 1 ))
( ("ก" "า" "ร" "ต" "ะ" "โ" "ก" "น") nil (k a21 n t a1 1 k o11 n ))
( ("ก" "า" "ร" "ต" "ั" "ด" "ส" "ิ" "น" "ใ" "จ") nil (k a21 n t a1 t 1 s i1 n 4 c a1 j ))
( ("ก" "า" "ร" "ต" "า" "ม") nil (k a21 n t a21 m ))
( ("ก" "า" "ร" "ต" "ิ" "ด" "ต" "่" "อ" "ส" "ื" "่" "อ" "ส" "า" "ร") nil (k a21 n t i1 t 1 t c1 1 s w1 1 s a21 n 4 ))
( ("ก" "า" "ร" "ต" "ิ" "ด" "โ" "ร" "ค") nil (k a21 n t i1 t 1 r o11 k 2 ))
( ("ก" "า" "ร" "ต" "ิ" "ด" "ไ" "ฟ") nil (k a21 n t i1 t 1 f a1 j ))
( ("ก" "า" "ร" "ต" "่" "อ" "ส" "ู" "้") nil (k a21 n t c1 1 s u11 2 ))
( ("ก" "า" "ร" "ต" "่" "อ" "เ" "น" "ื" "่" "อ" "ง") nil (k a21 n t c1 1 n w1 a1 n2 2 ))
( ("ก" "า" "ร" "ต" "้" "ม") nil (k a21 n t o1 m 2 ))
( ("ก" "า" "ร" "ถ" "่" "า" "ย" "ภ" "า" "พ") nil (k a21 n th a21 j 1 ph a21 pt 2 ))
( ("ก" "า" "ร" "ถ" "่" "า" "ย" "ร" "ู" "ป") nil (k a21 n th a21 j 1 r u11 p 2 ))
( ("ก" "า" "ร" "ท" "ด") nil (k a21 n th o1 t 3 ))
( ("ก" "า" "ร" "ท" "ด" "ล" "อ" "ง") nil (k a21 n th o1 tt 3 l c1 n2 ))
( ("ก" "า" "ร" "ท" "บ" "ท" "ว" "น") nil (k a21 n th o1 p 3 th u11 a1 n ))
( ("ก" "า" "ร" "ท" "ร" "า" "บ") nil (k a21 n s a21 pt 2 ))
( ("ก" "า" "ร" "ท" "ห" "า" "ร") nil (k a21 n th a1 3 h a21 n 4 ))
( ("ก" "า" "ร" "ท" "ั" "ก" "ท" "า" "ย") nil (k a21 n th a1 kt 3 th a21 j ))
( ("ก" "า" "ร" "ท" "ั" "บ" "ถ" "ม") nil (k a21 n th a1 p 3 th o1 m 4 ))
( ("ก" "า" "ร" "ท" "ำ" "ง" "า" "น") nil (k a21 n th a1 m n2 a21 n ))
( ("ก" "า" "ร" "ท" "ำ" "ร" "า" "ย" "ง" "า" "น") nil (k a21 n th a1 m r a21 j n2 a21 n ))
( ("ก" "า" "ร" "ท" "ู" "ต") nil (k a21 n th u11 tt 2 ))
( ("ก" "า" "ร" "ท" "่" "อ" "ง" "เ" "ท" "ี" "่" "ย" "ว") nil (k a21 n th c2 n2 2 th i1 a11 w 2 ))
( ("ก" "า" "ร" "ธ" "น" "า" "ค" "า" "ร") nil (k a21 n th a1 3 n a21 kh a21 n ))
( ("ก" "า" "ร" "น" "ั" "ด") nil (k a21 n n a1 tt 3 ))
( ("ก" "า" "ร" "น" "ำ") nil (k a21 n n a1 m ))
( ("ก" "า" "ร" "น" "ำ" "พ" "า") nil (k a21 n n a1 m ph a21 ))
( ("ก" "า" "ร" "น" "ิ" "ย" "า" "ม") nil (k a21 n n i1 3 j a21 m ))
( ("ก" "า" "ร" "บ" "ร" "ร" "ย" "า" "ย") nil (k a21 n b a1 n j a21 j ))
( ("ก" "า" "ร" "บ" "ร" "ร" "เ" "ล" "ง") nil (k a21 n b a1 n l e11 n2 ))
( ("ก" "า" "ร" "บ" "ร" "ิ" "ห" "า" "ร") nil (k a21 n b c1 r i1 3 h a21 n 4 ))
( ("ก" "า" "ร" "บ" "ร" "ิ" "ห" "า" "ร" "ง" "า" "น" "บ" "ุ" "ค" "ค" "ล") nil (k a21 n b r i1 1 h a21 n 4 n2 a21 n b u1 k 1 kh o1 n ))
( ("ก" "า" "ร" "บ" "ว" "ก") nil (k a21 n b u1 a11 kt 1 ))
( ("ก" "า" "ร" "บ" "ั" "ง" "ค" "ั" "บ" "ใ" "ช" "้") nil (k a21 n b a1 n2 kh a1 pt 3 tah a1 j 3 ))
( ("ก" "า" "ร" "บ" "ั" "ญ" "ช" "ี") nil (k a21 n b a1 n tah i11 ))
( ("ก" "า" "ร" "บ" "ั" "ญ" "ญ" "ั" "ต" "ิ" "ศ" "ั" "พ" "ท" "์") nil (k a21 n b a1 n j a1 t 1 s a1 p 1 ))
( ("ก" "า" "ร" "บ" "ำ" "บ" "ั" "ด") nil (k a21 n b a1 m b a1 t 1 ))
( ("ก" "า" "ร" "บ" "ู" "ร") nil (k a21 r a1 3 b u11 n ))
( ("ก" "า" "ร" "บ" "้" "า" "น") nil (k a21 n b a21 n 2 ))
( ("ก" "า" "ร" "ป" "ก" "ค" "ร" "อ" "ง") nil (k a21 n p o1 kt 1 kh r c1 n2 ))
( ("ก" "า" "ร" "ป" "ก" "ป" "้" "อ" "ง") nil (k a21 n p o1 kt 1 p c2 n2 2 ))
( ("ก" "า" "ร" "ป" "ฏ" "ิ" "บ" "ั" "ต" "ิ") nil (k a21 n p a1 1 t i1 1 b a1 tt 1 ))
( ("ก" "า" "ร" "ป" "ฏ" "ิ" "ร" "ู" "ป") nil (k a21 n p a1 1 t i1 1 r u11 pt 2 ))
( ("ก" "า" "ร" "ป" "ฏ" "ิ" "ว" "ั" "ต" "ิ") nil (k a21 n p a1 1 t i1 1 w a1 tt 3 ))
( ("ก" "า" "ร" "ป" "ร" "ะ" "ช" "ว" "ร") nil (k a21 n p r a1 1 tah u1 a11 n ))
( ("ก" "า" "ร" "ป" "ร" "ะ" "ช" "ุ" "ม") nil (k a21 n p r a1 1 tah u1 m ))
( ("ก" "า" "ร" "ป" "ร" "ะ" "ช" "ุ" "ม" "ส" "ุ" "ด" "ย" "อ" "ด") nil (k a21 n p r a1 1 tah u1 m s u1 tt 1 j c1 tt 2 ))
( ("ก" "า" "ร" "ป" "ร" "ะ" "ณ" "า" "ม") nil (k a21 n p r a1 1 n a21 m ))
( ("ก" "า" "ร" "ป" "ร" "ะ" "ด" "ิ" "ษ" "ฐ" "์") nil (k a21 n p r a1 1 d i1 t 1 ))
( ("ก" "า" "ร" "ป" "ร" "ะ" "ม" "ง") nil (k a21 n p r a1 1 m o1 n2 ))
( ("ก" "า" "ร" "ป" "ร" "ะ" "ม" "ว" "ล") nil (k a21 n p r a1 1 m u11 a1 n ))
( ("ก" "า" "ร" "ป" "ร" "ะ" "ม" "ว" "ล" "ผ" "ล") nil (k a21 n p r a1 1 m u11 a1 n ph o1 n 4 ))
( ("ก" "า" "ร" "ป" "ร" "ะ" "ม" "ว" "ล" "ผ" "ล" "ข" "้" "อ" "ม" "ู" "ล") nil (k a21 n p r a1 1 m u11 a1 n ph o1 n 4 kh c1 2 m u11 n ))
( ("ก" "า" "ร" "ป" "ร" "ะ" "ส" "า" "น" "ง" "า" "น") nil (k a21 n p r a1 1 s a21 n 4 n2 a21 n ))
( ("ก" "า" "ร" "ป" "ร" "ะ" "เ" "ม" "ิ" "น") nil (k a21 n p r a1 1 m r1 n ))
( ("ก" "า" "ร" "ป" "ร" "ะ" "เ" "ม" "ิ" "น" "ผ" "ล") nil (k a21 n p r a1 1 m r1 n ph o1 n 4 ))
( ("ก" "า" "ร" "ป" "ร" "ั" "บ" "ป" "ร" "ุ" "ง") nil (k a21 n p r a1 pt 1 p r u1 n2 ))
( ("ก" "า" "ร" "ป" "ร" "า" "ก" "ฏ") nil (k a21 n p r a21 k o1 tt 1 ))
( ("ก" "า" "ร" "ป" "ั" "้" "น") nil (k a21 n p a1 n 2 ))
( ("ก" "า" "ร" "ป" "้" "อ" "ง" "ก" "ั" "น") nil (k a21 n p c1 n2 2 k a1 n ))
( ("ก" "า" "ร" "ผ" "จ" "ญ" "ภ" "ั" "ย") nil (k a21 n ph a1 1 ta o1 n ph a1 j ))
( ("ก" "า" "ร" "ผ" "ล" "ั" "ก") nil (k a21 n ph l a1 kt 1 ))
( ("ก" "า" "ร" "ผ" "ล" "ิ" "ต") nil (k a21 n ph a1 1 l i1 t 1 ))
( ("ก" "า" "ร" "ผ" "่" "า") nil (k a21 n ph a21 1 ))
( ("ก" "า" "ร" "ผ" "่" "า" "เ" "ห" "ล" "่" "า") nil (k a21 n ph a21 1 l a1 w 1 ))
( ("ก" "า" "ร" "ฝ" "ั" "ง" "เ" "ข" "็" "ม") nil (k a21 n f a1 n2 4 kh e1 m 4 ))
( ("ก" "า" "ร" "ฝ" "ึ" "ก" "ง" "า" "น") nil (k a21 n f ww k 1 n2 a21 n ))
( ("ก" "า" "ร" "ฝ" "ึ" "ก" "ฝ" "น") nil (k a21 n f ww k 1 f o1 n 4 ))
( ("ก" "า" "ร" "พ" "น" "ั" "น") nil (k a21 n ph a1 3 n a1 n ))
( ("ก" "า" "ร" "พ" "ร" "ร" "ณ" "น" "า") nil (k a21 n ph a1 n n a1 3 n a21 ))
( ("ก" "า" "ร" "พ" "ล" "ิ" "ก") nil (k a21 n ph l i1 kt 3 ))
( ("ก" "า" "ร" "พ" "ั" "ฒ" "น" "า") nil (k a21 n ph a1 tt 3 th a1 3 n a21 ))
( ("ก" "า" "ร" "พ" "า") nil (k a21 n ph a21 ))
( ("ก" "า" "ร" "พ" "ิ" "จ" "า" "ร" "ณ" "า") nil (k a21 n ph i1 3 ta a21 r a1 3 n a21 ))
( ("ก" "า" "ร" "ฟ" "ื" "้" "น" "ฟ" "ู") nil (k a21 n f w1 n 3 f u11 ))
( ("ก" "า" "ร" "ม" "ั" "่" "ว" "ส" "ุ" "ม") nil (k a21 n m u1 a11 2 s u1 m 4 ))
( ("ก" "า" "ร" "ย" "ั" "ก" "ย" "อ" "ก") nil (k a21 n j a1 kt 3 j c1 kt 2 ))
( ("ก" "า" "ร" "ย" "ิ" "้" "ม") nil (k a21 n j i1 m 3 ))
( ("ก" "า" "ร" "ย" "ื" "ม") nil (k a21 n j w1 m ))
( ("ก" "า" "ร" "ย" "่" "อ") nil (k a21 n j c1 2 ))
( ("ก" "า" "ร" "ย" "่" "า" "ง") nil (k a21 n j a21 n2 2 ))
( ("ก" "า" "ร" "ย" "่" "ำ") nil (k a21 n j a1 m 2 ))
( ("ก" "า" "ร" "ย" "้" "อ" "น" "ก" "ล" "ั" "บ") nil (k a21 n j c1 n 3 k l a1 p 1 ))
( ("ก" "า" "ร" "ย" "้" "อ" "ม" "ส" "ี") nil (k a21 n j c1 m 3 s i11 4 ))
( ("ก" "า" "ร" "ร" "ะ" "ค" "า" "ย" "เ" "ค" "ื" "อ" "ง") nil (k a21 n r a1 3 kh a21 j kh w1 a1 n2 ))
( ("ก" "า" "ร" "ร" "ะ" "ม" "ั" "ด" "ร" "ะ" "ว" "ั" "ง") nil (k a21 n r a1 3 m a1 t 3 r a1 3 w a1 n2 ))
( ("ก" "า" "ร" "ร" "ะ" "เ" "บ" "ิ" "ด") nil (k a21 n r a1 3 b r1 t 1 ))
( ("ก" "า" "ร" "ร" "ั" "ก" "ษ" "า") nil (k a21 n r a1 kt 3 s a21 4 ))
( ("ก" "า" "ร" "ร" "ั" "บ" "ร" "ู" "้") nil (k a21 n r a1 pt 3 r u11 3 ))
( ("ก" "า" "ร" "ร" "ั" "่" "ว" "ไ" "ห" "ล") nil (k a21 n r u11 a1 2 l a1 j 4 ))
( ("ก" "า" "ร" "ร" "า" "ย" "ง" "า" "น" "ผ" "ล") nil (k a21 n r a21 j n2 a21 n ph o1 n 4 ))
( ("ก" "า" "ร" "ร" "ู" "้" "จ" "ำ") nil (k a21 n r u11 3 c a1 m ))
( ("ก" "า" "ร" "ล" "ง" "ท" "ุ" "น") nil (k a21 n l o1 n2 th u1 n ))
( ("ก" "า" "ร" "ล" "อ" "บ" "ส" "ั" "ง" "ห" "า" "ร") nil (k a21 n l c1 pt 2 s a1 n2 4 h a21 n 4 ))
( ("ก" "า" "ร" "ล" "อ" "ย" "ต" "ั" "ว") nil (k a21 n l c1 j t u1 a11 ))
( ("ก" "า" "ร" "ล" "ะ") nil (k a21 n l a1 3 ))
( ("ก" "า" "ร" "ล" "า") nil (k a21 n l a21 ))
( ("ก" "า" "ร" "ล" "ำ" "เ" "ล" "ี" "ย" "ง") nil (k a21 n l a1 m l i11 a1 n2 ))
( ("ก" "า" "ร" "ล" "้" "ม") nil (k a21 n l o1 m 3 ))
( ("ก" "า" "ร" "ว" "า" "ง" "แ" "ผ" "น") nil (k a21 n w a21 n2 ph ee11 n 4 ))
( ("ก" "า" "ร" "ว" "ิ" "จ" "ั" "ย") nil (k a21 n w i1 3 ta a1 j ))
( ("ก" "า" "ร" "ว" "ิ" "น" "ิ" "จ" "ฉ" "ั" "ย") nil (k a21 n w i1 3 n i1 tt 3 tah a1 j 4 ))
( ("ก" "า" "ร" "ว" "ิ" "น" "ิ" "จ" "ฉ" "ั" "ย" "โ" "ร" "ค") nil (k a21 n w i1 3 n i1 t 3 c a1 j 4 r o11 k 2 ))
( ("ก" "า" "ร" "ศ" "ึ" "ก" "ษ" "า") nil (k a21 n s ww kt 1 s a21 4 ))
( ("ก" "า" "ร" "ศ" "ึ" "ก" "ษ" "า" "ต" "่" "อ" "เ" "น" "ื" "่" "อ" "ง") nil (k a21 n s ww k 1 s a21 4 t c1 1 n w1 a1 n2 2 ))
( ("ก" "า" "ร" "ส" "ง" "ว" "น") nil (k a21 n s a1 1 n2 u11 a1 n 4 ))
( ("ก" "า" "ร" "ส" "น" "อ" "ง") nil (k a21 n s a1 1 n c1 n2 4 ))
( ("ก" "า" "ร" "ส" "น" "ใ" "จ") nil (k a21 n s o1 n 4 c a1 j ))
( ("ก" "า" "ร" "ส" "ม" "ร" "ส") nil (k a21 n s o1 m 4 r o1 tt 3 ))
( ("ก" "า" "ร" "ส" "ล" "า" "ย" "ต" "ั" "ว") nil (k a21 n s a1 1 l a21 j 4 t u11 a1 ))
( ("ก" "า" "ร" "ส" "ว" "ม") nil (k a21 n s u1 a11 m 4 ))
( ("ก" "า" "ร" "ส" "อ" "น") nil (k a21 n s c1 n 4 ))
( ("ก" "า" "ร" "ส" "ั" "ม" "ผ" "ั" "ส") nil (k a21 n s a1 m 4 ph a1 t 1 ))
( ("ก" "า" "ร" "ส" "ั" "ม" "ม" "น" "า") nil (k a21 n s a1 m 4 m a1 3 n a21 ))
( ("ก" "า" "ร" "ส" "ั" "่" "ง" "ซ" "ื" "้" "อ") nil (k a21 n s a1 n2 1 s w1 3 ))
( ("ก" "า" "ร" "ส" "า" "ธ" "ิ" "ต") nil (k a21 n s a21 4 th i1 t 3 ))
( ("ก" "า" "ร" "ส" "ำ" "ร" "ว" "จ") nil (k a21 n s a1 m 4 r u11 a1 t 1 ))
( ("ก" "า" "ร" "ส" "ำ" "ร" "อ" "ง") nil (k a21 n s a1 m 4 r c1 n2 ))
( ("ก" "า" "ร" "ส" "ื" "บ" "พ" "ั" "น" "ธ" "ุ" "์") nil (k a21 n s w1 pt 1 ph a1 n ))
( ("ก" "า" "ร" "ส" "ื" "บ" "ส" "ว" "น") nil (k a21 n s w1 pt 1 s u1 a11 n 4 ))
( ("ก" "า" "ร" "ส" "ื" "่" "อ" "ส" "า" "ร") nil (k a21 n s w1 1 s a21 n 4 ))
( ("ก" "า" "ร" "ส" "ื" "่" "อ" "ส" "า" "ร" "แ" "ห" "่" "ง" "ป" "ร" "ะ" "เ" "ท" "ศ" "ไ" "ท" "ย") nil (k a21 n s w1 1 s a21 n 4 h ee1 n2 1 p r a1 1 th e11 t 2 th a1 j ))
( ("ก" "า" "ร" "ส" "ู" "ญ" "พ" "ั" "น" "ธ" "ุ" "์") nil (k a21 n s u11 n 4 ph a1 n ))
( ("ก" "า" "ร" "ส" "่" "ง" "อ" "อ" "ก") nil (k a21 n s o1 n2 1 q c1 k 1 ))
( ("ก" "า" "ร" "ห" "ย" "่" "า") nil (k a21 n j a21 1 ))
( ("ก" "า" "ร" "ห" "ั" "ก" "เ" "ห") nil (k a21 n h a1 kt 1 h e11 4 ))
( ("ก" "า" "ร" "ห" "ั" "ว" "เ" "ร" "า" "ะ") nil (k a21 n h u1 a11 4 r c2 q 3 ))
( ("ก" "า" "ร" "อ" "ธ" "ิ" "บ" "า" "ย") nil (k a21 n q a1 1 th i1 3 b a21 j ))
( ("ก" "า" "ร" "อ" "น" "ุ" "ญ" "า" "ต") nil (k a21 n q a1 1 n u1 3 j a21 tt 2 ))
( ("ก" "า" "ร" "อ" "น" "ุ" "ร" "ั" "ก" "ษ" "์") nil (k a21 n q a1 1 n u1 3 r a1 k 3 ))
( ("ก" "า" "ร" "อ" "บ" "ร" "ม") nil (k a21 n q o1 p 1 r o1 m ))
( ("ก" "า" "ร" "อ" "า" "ศ" "ั" "ย") nil (k a21 n q a21 s a1 j 4 ))
( ("ก" "า" "ร" "ะ" "เ" "ก" "ด") nil (k a21 r a1 3 k e11 tt 1 ))
( ("ก" "า" "ร" "ั" "น" "ต" "์") nil (k a21 r a1 n ))
( ("ก" "า" "ร" "เ" "ก" "ษ" "ต" "ร") nil (k a21 n k a1 1 s e11 t 1 ))
( ("ก" "า" "ร" "เ" "ก" "ษ" "ี" "ย" "ณ") nil (k a21 n k a1 1 s i1 a11 n 4 ))
( ("ก" "า" "ร" "เ" "ข" "ี" "ย" "น") nil (k a21 n kh i1 a11 n 4 ))
( ("ก" "า" "ร" "เ" "ข" "้" "า" "ร" "ห" "ั" "ส") nil (k a21 n kh a1 w 2 r a1 3 h a1 t 1 ))
( ("ก" "า" "ร" "เ" "ข" "้" "า" "ส" "ู" "่") nil (k a21 n kh a1 w 2 s u11 1 ))
( ("ก" "า" "ร" "เ" "ค" "ล" "ื" "อ" "บ") nil (k a21 n kh l w1 a1 p 2 ))
( ("ก" "า" "ร" "เ" "ค" "ล" "ื" "่" "อ" "น" "ไ" "ห" "ว") nil (k a21 n kh l ww a11 n 2 w a1 j 4 ))
( ("ก" "า" "ร" "เ" "ง" "ิ" "น") nil (k a21 n n2 rr n ))
( ("ก" "า" "ร" "เ" "จ" "ร" "ิ" "ญ" "เ" "ต" "ิ" "บ" "โ" "ต") nil (k a21 n c a1 1 r r1 n t r1 p 1 t o11 ))
( ("ก" "า" "ร" "เ" "ช" "่" "า") nil (k a21 n tah a1 w 2 ))
( ("ก" "า" "ร" "เ" "ด" "ิ" "น" "เ" "ร" "ื" "อ") nil (k a21 n d r1 n r w1 a1 ))
( ("ก" "า" "ร" "เ" "ต" "้" "น" "ร" "ำ") nil (k a21 n t e1 n 2 r a1 m ))
( ("ก" "า" "ร" "เ" "ป" "ล" "ี" "่" "ย" "น" "ต" "ั" "ว") nil (k a21 n p l i11 a1 n 1 t u11 a1 ))
( ("ก" "า" "ร" "เ" "ป" "ล" "ี" "่" "ย" "น" "แ" "ป" "ล" "ง") nil (k a21 n p l i11 a1 n 1 p l ee11 n2 ))
( ("ก" "า" "ร" "เ" "ฝ" "้" "า") nil (k a21 n f a1 w 2 ))
( ("ก" "า" "ร" "เ" "ม" "ื" "อ" "ง") nil (k a21 n m ww a11 n2 ))
( ("ก" "า" "ร" "เ" "ย" "ี" "ย" "ว" "ย" "า") nil (k a21 n j i1 a11 w j a21 ))
( ("ก" "า" "ร" "เ" "ร" "ี" "ย" "ง") nil (k a21 n r i11 a1 n2 ))
( ("ก" "า" "ร" "เ" "ร" "ี" "ย" "ง" "ค" "ำ") nil (k a21 n r i11 a1 n2 kh a1 m ))
( ("ก" "า" "ร" "เ" "ร" "ี" "ย" "น") nil (k a21 n r i1 a11 n ))
( ("ก" "า" "ร" "เ" "ร" "ี" "ย" "น" "ร" "ู" "้") nil (k a21 n r i11 a1 n r u11 3 ))
( ("ก" "า" "ร" "เ" "ล" "ื" "อ" "ก" "ต" "ั" "้" "ง") nil (k a21 n l ww a11 kt 2 t a1 n2 2 ))
( ("ก" "า" "ร" "เ" "ว" "ก") nil (k a21 r a1 3 w e11 kt 2 ))
( ("ก" "า" "ร" "เ" "ส" "ก") nil (k a21 n s e11 kt 1 ))
( ("ก" "า" "ร" "เ" "ส" "น" "อ" "แ" "น" "ะ") nil (k a21 n s a1 1 n r1 4 n ee1 3 ))
( ("ก" "า" "ร" "แ" "ก" "ะ" "ส" "ล" "ั" "ก") nil (k a21 n k ee1 1 s a1 1 l a1 k 1 ))
( ("ก" "า" "ร" "แ" "ก" "้" "ป" "ั" "ญ" "ห" "า") nil (k a21 n k ee11 2 p a1 n h a21 4 ))
( ("ก" "า" "ร" "แ" "ข" "็" "ง" "ต" "ั" "ว") nil (k a21 n kh ee1 n2 4 t u1 a11 ))
( ("ก" "า" "ร" "แ" "ข" "่" "ง" "ข" "ั" "น") nil (k a21 n kh ee1 n2 1 kh a1 n 4 ))
( ("ก" "า" "ร" "แ" "ท" "น" "ท" "ี" "่") nil (k a21 n th ee11 n th i11 2 ))
( ("ก" "า" "ร" "แ" "ท" "ร" "ก") nil (k a21 n s ee11 kt 2 ))
( ("ก" "า" "ร" "แ" "บ" "่" "ง" "เ" "ว" "ล" "า") nil (k a21 n b ee1 n2 1 w e11 l a21 ))
( ("ก" "า" "ร" "แ" "ป" "ร") nil (k a21 n p ee11 n ))
( ("ก" "า" "ร" "แ" "ป" "ล" "ภ" "า" "ษ" "า" "ด" "้" "ว" "ย" "ค" "อ" "ม" "พ" "ิ" "ว" "เ" "ต" "อ" "ร" "์") nil (k a21 n p l ee11 ph a21 s a21 4 d u11 a1 j 2 kh c1 m ph i1 w t r1 2 ))
( ("ก" "า" "ร" "แ" "ผ" "่" "ร" "ั" "ง" "ส" "ี") nil (k a21 n ph ee11 1 r a1 n2 s i11 4 ))
( ("ก" "า" "ร" "แ" "พ" "ท" "ย" "์") nil (k a21 n ph ee11 t 2 ))
( ("ก" "า" "ร" "แ" "ส" "ด" "ง") nil (k a21 n s a1 1 d ee11 n2 ))
( ("ก" "า" "ร" "แ" "ห" "่") nil (k a21 n h ee11 1 ))
( ("ก" "า" "ร" "โ" "ต" "้" "ต" "อ" "บ") nil (k a21 n t o11 2 t c1 p 1 ))
( ("ก" "า" "ร" "โ" "ย" "ง") nil (k a21 n j o11 n2 ))
( ("ก" "า" "ร" "โ" "ย" "น") nil (k a21 n j o11 n ))
( ("ก" "า" "ร" "ใ" "ช" "้" "ง" "า" "น") nil (k a21 n c a1 j 3 n2 a21 n ))
( ("ก" "า" "ร" "ไ" "ข" "่") nil (k a21 n kh a1 j 1 ))
( ("ก" "า" "ร" "ไ" "ฟ" "ฟ" "้" "า") nil (k a21 n f a1 j f a21 3 ))
( ("ก" "า" "ร" "์" "ด") nil (k a21 tt 3 ))
( ("ก" "า" "ร" "์" "ต" "ู" "น") nil (k a21 t u11 n ))
( ("ก" "า" "ล") nil (k a21 n ))
( ("ก" "า" "ล" "ก" "ิ" "ณ" "ี") nil (k a21 l a1 3 k i1 1 n i11 ))
( ("ก" "า" "ล" "ั" "ก" "น" "้" "ำ") nil (k a21 l a1 kt 3 n a1 m 3 ))
( ("ก" "า" "ล" "เ" "ท" "ศ" "ะ") nil (k a21 l a1 3 th e11 s a1 q 1 ))
( ("ก" "า" "ว") nil (k a21 w ))
( ("ก" "า" "ส" "ิ" "โ" "น") nil (k a21 s i1 1 n o11 ))
( ("ก" "า" "ห" "ล" "ง") nil (k a21 l o1 n2 4 ))
( ("ก" "า" "ฬ") nil (k a21 n ))
( ("ก" "า" "ฬ" "ส" "ิ" "น" "ธ" "ุ" "์") nil (k a21 l a1 3 s i1 n 4 ))
( ("ก" "า" "ฬ" "โ" "ร" "ค") nil (k a21 n l a1 3 r o11 kt 2 ))
( ("ก" "า" "แ" "ฟ") nil (k a21 f ee11 ))
( ("ก" "า" "แ" "ฟ" "เ" "ย" "็" "น") nil (k a21 f ee11 j e1 n ))
( ("ก" "า" "แ" "ล" "็" "ก" "ซ" "ี") nil (k a21 l ee1 kt 3 s i11 ))
( ("ก" "ำ") nil (k a1 m ))
( ("ก" "ำ" "ก" "ว" "ม") nil (k a1 m k u1 a11 m ))
( ("ก" "ำ" "ก" "ั" "บ") nil (k a1 m k a1 pt 1 ))
( ("ก" "ำ" "ข" "ี" "้" "ด" "ี" "ก" "ว" "่" "า" "ก" "ำ" "ต" "ด") nil (k a1 m kh i11 2 d i11 k w a21 1 k a1 m t o1 tt 1 ))
( ("ก" "ำ" "จ" "ั" "ด") nil (k a1 m ta a1 tt 1 ))
( ("ก" "ำ" "ธ" "ร") nil (k a1 m th c1 n ))
( ("ก" "ำ" "น" "ั" "น") nil (k a1 m n a1 n ))
( ("ก" "ำ" "น" "ั" "ล") nil (k a1 m n a1 n ))
( ("ก" "ำ" "บ" "ั" "ง") nil (k a1 m b a1 n2 ))
( ("ก" "ำ" "ป" "ั" "่" "น") nil (k a1 m p a1 n 1 ))
( ("ก" "ำ" "ป" "ั" "้" "น") nil (k a1 m p a1 n 2 ))
( ("ก" "ำ" "พ" "ร" "้" "า") nil (k a1 m ph r a21 3 ))
( ("ก" "ำ" "ม" "ะ" "ถ" "ั" "น") nil (k a1 m m a1 3 th a1 n 4 ))
( ("ก" "ำ" "ม" "ะ" "ห" "ย" "ี" "่") nil (k a1 m m a1 3 j i11 1 ))
( ("ก" "ำ" "ย" "า" "น") nil (k a1 m j a21 n ))
( ("ก" "ำ" "ร" "า" "บ") nil (k a1 m r a21 pt 1 ))
( ("ก" "ำ" "ล" "ั" "ง") nil (k a1 m l a1 n2 ))
( ("ก" "ำ" "ล" "ั" "ง" "ก" "า" "ย") nil (k a1 m l a1 n2 k a21 j ))
( ("ก" "ำ" "ล" "ั" "ง" "ค" "น") nil (k a1 m l a1 n2 kh o1 n ))
( ("ก" "ำ" "ล" "ั" "ง" "จ" "ะ") nil (k a1 m l a1 n2 c a1 1 ))
( ("ก" "ำ" "ล" "ั" "ง" "ใ" "จ") nil (k a1 m l a1 n2 ta a1 j ))
( ("ก" "ำ" "ล" "ั" "ง" "ไ" "ฟ" "ฟ" "้" "า") nil (k a1 m l a1 n2 f a1 j f a21 3 ))
( ("ก" "ำ" "ส" "ร" "ว" "ล") nil (k a1 m s u1 a11 n 4 ))
( ("ก" "ำ" "ห" "น" "ด") nil (k a1 m n o1 tt 1 ))
( ("ก" "ำ" "ห" "น" "ด" "ก" "า" "ร") nil (k a1 m n o1 tt 1 k a21 n ))
( ("ก" "ำ" "ห" "น" "ด" "ใ" "ห" "้") nil (k a1 m n o1 t 1 h a1 j 2 ))
( ("ก" "ำ" "ห" "น" "ั" "ด") nil (k a1 m n a1 tt 1 ))
( ("ก" "ำ" "เ" "น" "ิ" "ด") nil (k a1 m n r1 tt 1 ))
( ("ก" "ำ" "เ" "ร" "ิ" "บ") nil (k a1 m r r1 pt 2 ))
( ("ก" "ำ" "แ" "พ" "ง") nil (k a1 m ph ee11 n2 ))
( ("ก" "ำ" "แ" "พ" "ง" "เ" "พ" "ช" "ร") nil (k a1 m ph ee11 n2 ph e1 tt 3 ))
( ("ก" "ำ" "แ" "ห" "ง") nil (k a1 m h ee11 n2 4 ))
( ("ก" "ำ" "ไ" "ร") nil (k a1 m r a1 j ))
( ("ก" "ำ" "ไ" "ล") nil (k a1 m l a1 j ))
( ("ก" "ิ") nil (k i1 1 ))
( ("ก" "ิ" "จ") nil (k i1 tt 1 ))
( ("ก" "ิ" "จ" "ก" "ร" "ร" "ม") nil (k i1 tt 1 ta a1 1 k a1 m ))
( ("ก" "ิ" "จ" "ก" "า" "ร") nil (k i1 tt 1 ta a1 1 k a21 n ))
( ("ก" "ิ" "ต" "ต" "ิ") nil (k i1 t 1 t i1 1 ))
( ("ก" "ิ" "ต" "ต" "ิ" "ค" "ุ" "ณ") nil (k i1 tt 1 t i1 1 kh u1 n ))
( ("ก" "ิ" "น") nil (k i1 n ))
( ("ก" "ิ" "น" "ก" "ำ" "ล" "ั" "ง") nil (k i1 n k a1 m l a1 n2 ))
( ("ก" "ิ" "น" "ข" "้" "า" "ว") nil (k i1 n kh a21 w 2 ))
( ("ก" "ิ" "น" "ท" "ิ" "้" "ง" "ก" "ิ" "น" "ข" "ว" "้" "า" "ง") nil (k i1 n th i1 n2 3 k i1 n kh w a21 n2 2 ))
( ("ก" "ิ" "น" "น" "ร") nil (k i1 n n c1 n ))
( ("ก" "ิ" "น" "ร" "ี") nil (k i1 n n a1 3 r i11 ))
( ("ก" "ิ" "น" "ล" "้" "า" "ง" "ก" "ิ" "น" "ผ" "ล" "า" "ญ") nil (k i1 n l a21 n2 3 k i1 n ph l a21 n 4 ))
( ("ก" "ิ" "น" "ี") nil (k i1 1 n i11 ))
( ("ก" "ิ" "น" "เ" "จ") nil (k i1 n ta e11 ))
( ("ก" "ิ" "น" "เ" "ม" "ื" "อ" "ง") nil (k i1 n m ww a11 n2 ))
( ("ก" "ิ" "น" "ใ" "จ") nil (k i1 n ta a1 j ))
( ("ก" "ิ" "ม" "จ" "ิ") nil (k i1 m ta i1 q 1 ))
( ("ก" "ิ" "ร" "ิ" "ณ" "ี") nil (k i1 1 r i1 3 n i11 ))
( ("ก" "ิ" "ร" "ิ" "ย" "า") nil (k i1 1 r i1 3 j a21 ))
( ("ก" "ิ" "เ" "ล" "น") nil (k i1 1 l e11 n ))
( ("ก" "ิ" "เ" "ล" "ส") nil (k i1 1 l e11 tt 1 ))
( ("ก" "ิ" "โ" "ม" "โ" "น") nil (k i1 1 m o11 n o11 ))
( ("ก" "ิ" "โ" "ย" "ต" "ี" "น") nil (k i1 1 j o11 t i11 n ))
( ("ก" "ิ" "โ" "ล") nil (k i1 1 l o11 ))
( ("ก" "ิ" "โ" "ล" "ก" "ร" "ั" "ม") nil (k i1 1 l o11 k r a1 m ))
( ("ก" "ิ" "โ" "ล" "ว" "ั" "ต" "ต" "์") nil (k i1 1 l o11 w a1 t 3 ))
( ("ก" "ิ" "โ" "ล" "เ" "ม" "ต" "ร") nil (k i1 1 l o11 m e11 t 3 ))
( ("ก" "ิ" "โ" "ล" "ไ" "บ" "ต" "์") nil (k i1 1 l o11 b a1 j 3 ))
( ("ก" "ิ" "่" "ง") nil (k i1 n2 1 ))
( ("ก" "ิ" "่" "ง" "ท" "อ" "ง" "ใ" "บ" "ห" "ย" "ก") nil (k i1 n2 1 th c1 n2 b a1 j j o1 kt 1 ))
( ("ก" "ิ" "่" "ง" "ไ" "ม" "้") nil (k i1 n2 1 m a21 j 3 ))
( ("ก" "ิ" "้" "ง" "ก" "ื" "อ") nil (k i1 n2 2 k w1 ))
( ("ก" "ิ" "้" "ง" "ก" "่" "า") nil (k i1 n2 2 k a21 1 ))
( ("ก" "ิ" "้" "ม") nil (k i1 m 2 ))
( ("ก" "ิ" "๊" "ก") nil (k i1 kt 3 ))
( ("ก" "ี" "ฏ" "ว" "ิ" "ท" "ย" "า") nil (k i11 t a1 1 w i1 tt 3 th a1 3 j a21 ))
( ("ก" "ี" "ด") nil (k i11 tt 1 ))
( ("ก" "ี" "ด" "ก" "ั" "น") nil (k i11 t 1 k a1 n ))
( ("ก" "ี" "ด" "ข" "ว" "า" "ง") nil (k i11 tt 1 kh w a21 n2 4 ))
( ("ก" "ี" "ต" "า" "ร" "์") nil (k i11 t a21 2 ))
( ("ก" "ี" "บ") nil (k i11 pt 1 ))
( ("ก" "ี" "ว" "ี") nil (k i11 w i11 2 ))
( ("ก" "ี" "ฬ" "า") nil (k i11 l a21 ))
( ("ก" "ี" "่") nil (k i11 1 ))
( ("ก" "ี" "้") nil (k i11 2 ))
( ("ก" "ึ" "่" "ง") nil (k ww n2 1 ))
( ("ก" "ึ" "่" "ง" "ก" "ล" "า" "ง") nil (k ww n2 1 k l a21 n2 ))
( ("ก" "ึ" "่" "ง" "โ" "ล" "ห" "ะ") nil (k ww n2 1 l o11 h a1 q 1 ))
( ("ก" "ึ" "๋" "น") nil (k ww n 4 ))
( ("ก" "ุ") nil (k u1 q 1 ))
( ("ก" "ุ" "ญ" "ช" "ร") nil (k u1 n tah c1 n ))
( ("ก" "ุ" "ญ" "แ" "จ") nil (k u1 n ta ee11 ))
( ("ก" "ุ" "ญ" "แ" "จ" "ผ" "ี") nil (k u1 n ta ee11 ph i11 4 ))
( ("ก" "ุ" "ญ" "แ" "จ" "ม" "ื" "อ") nil (k u1 n ta ee11 m w1 ))
( ("ก" "ุ" "ฎ" "ี") nil (k u1 1 d i11 ))
( ("ก" "ุ" "ฏ" "ฐ" "ั" "ง") nil (k u1 tt 1 th a1 n2 4 ))
( ("ก" "ุ" "ฏ" "ิ") nil (k u1 1 t i1 q 1 ))
( ("ก" "ุ" "ณ" "ฑ" "ี") nil (k u1 n th i11 ))
( ("ก" "ุ" "ณ" "โ" "ฑ") nil (k u1 n th o11 ))
( ("ก" "ุ" "ด") nil (k u1 tt 1 ))
( ("ก" "ุ" "ด" "ั" "ง") nil (k u1 1 d a1 n2 ))
( ("ก" "ุ" "น") nil (k u1 n ))
( ("ก" "ุ" "น" "ซ" "ื" "อ") nil (k u1 n s w1 ))
( ("ก" "ุ" "น" "เ" "ช" "ี" "ย" "ง") nil (k u1 n tah i1 a11 n2 ))
( ("ก" "ุ" "ม") nil (k u1 m ))
( ("ก" "ุ" "ม" "ภ") nil (k u1 m ))
( ("ก" "ุ" "ม" "ภ" "า") nil (k u1 m ph a21 ))
( ("ก" "ุ" "ม" "ภ" "า" "พ" "ั" "น" "ธ" "์") nil (k u1 m ph a21 ph a1 n ))
( ("ก" "ุ" "ม" "ภ" "์") nil (k u1 m ))
( ("ก" "ุ" "ม" "ม" "ื" "อ") nil (k u1 m m w1 ))
( ("ก" "ุ" "ม" "า" "ร") nil (k u1 1 m a21 n ))
( ("ก" "ุ" "ม" "า" "ร" "ี") nil (k u1 1 m a21 r i11 ))
( ("ก" "ุ" "ย") nil (k u1 j ))
( ("ก" "ุ" "ย" "ช" "่" "า" "ย") nil (k u1 j tah a21 j 2 ))
( ("ก" "ุ" "ล") nil (k u1 n ))
( ("ก" "ุ" "ล" "บ" "ด" "ี") nil (k u1 n l a1 3 b c1 d i11 ))
( ("ก" "ุ" "ล" "ี") nil (k u1 1 l i11 ))
( ("ก" "ุ" "ศ" "ล") nil (k u1 1 s o1 n 4 ))
( ("ก" "ุ" "ห" "ล" "า" "บ") nil (k u1 1 l a21 pt 1 ))
( ("ก" "ุ" "้" "ง") nil (k u1 n2 2 ))
( ("ก" "ุ" "้" "ง" "ม" "ั" "ง" "ก" "ร") nil (k u1 n2 2 m a1 n2 k c1 n ))
( ("ก" "ุ" "้" "ง" "ย" "ิ" "ง") nil (k u1 n2 2 j i1 n2 ))
( ("ก" "ุ" "้" "ง" "แ" "ห" "้" "ง") nil (k u1 n2 2 h ee11 n2 2 ))
( ("ก" "ุ" "๊" "ก") nil (k u1 kt 3 ))
( ("ก" "ุ" "๊" "ย") nil (k u1 j 3 ))
( ("ก" "ู") nil (k u11 ))
( ("ก" "ู" "ด") nil (k u11 tt 1 ))
( ("ก" "ู" "ป" "ร" "ี") nil (k u11 p r i11 ))
( ("ก" "ู" "เ" "ก" "ิ" "ล") nil (k u11 k r1 n 2 ))
( ("ก" "ู" "้") nil (k u11 2 ))
( ("ก" "็") nil (k c2 q 2 ))
( ("ก" "็" "ด" "ี") nil (k c1 2 d i11 ))
( ("ก" "็" "ต" "า" "ม") nil (k c1 2 t a21 m ))
( ("ก" "็" "อ" "ป") nil (k c2 pt 3 ))
( ("ก" "็" "แ" "ล" "้" "ว" "ก" "ั" "น") nil (k c2 q 2 l ee11 w 3 k a1 n ))
( ("ก" "็" "ไ" "ด" "้") nil (k c1 2 d a21 j 2 ))
( ("ก" "่" "อ") nil (k c1 1 ))
( ("ก" "่" "อ" "ก" "า" "ร" "ร" "้" "า" "ย") nil (k c1 1 k a21 n r a21 j 3 ))
( ("ก" "่" "อ" "ต" "ั" "้" "ง") nil (k c1 1 t a1 n2 2 ))
( ("ก" "่" "อ" "น") nil (k c1 n 1 ))
( ("ก" "่" "อ" "น" "ท" "ี" "่") nil (k c1 n 1 th i11 2 ))
( ("ก" "่" "อ" "น" "ท" "ี" "่" "จ" "ะ") nil (k c1 n 1 th i11 2 c a1 1 ))
( ("ก" "่" "อ" "น" "ห" "น" "้" "า" "น" "ี" "้") nil (k c1 n 1 n a21 2 n i11 3 ))
( ("ก" "่" "อ" "ส" "ร" "้" "า" "ง") nil (k c1 1 s a21 n2 2 ))
( ("ก" "่" "อ" "ใ" "ห" "้" "เ" "ก" "ิ" "ด") nil (k c1 1 h a1 j 2 k r1 t 1 ))
( ("ก" "่" "า" "ย") nil (k a21 j 1 ))
( ("ก" "้" "น") nil (k o1 n 2 ))
( ("ก" "้" "น" "ก" "บ") nil (k o1 n 2 k o1 pt 1 ))
( ("ก" "้" "น" "ค" "ร" "ั" "ว") nil (k o1 n 2 kh r u1 a11 ))
( ("ก" "้" "น" "ห" "อ" "ย") nil (k o1 n 2 h c2 j 4 ))
( ("ก" "้" "ม") nil (k o1 m 2 ))
( ("ก" "้" "ม" "ห" "น" "้" "า") nil (k o1 m 2 n a21 2 ))
( ("ก" "้" "อ" "ง") nil (k c2 n2 2 ))
( ("ก" "้" "อ" "น") nil (k c1 n 2 ))
( ("ก" "้" "อ" "น" "ห" "ิ" "น") nil (k c1 n 2 h i1 n 4 ))
( ("ก" "้" "อ" "ย") nil (k c1 j 2 ))
( ("ก" "้" "า" "ง") nil (k a21 n2 2 ))
( ("ก" "้" "า" "ง" "ข" "ว" "า" "ง" "ค" "อ") nil (k a21 n2 2 kh w a21 n2 4 kh c1 ))
( ("ก" "้" "า" "น") nil (k a21 n 2 ))
( ("ก" "้" "า" "บ") nil (k a21 pt 2 ))
( ("ก" "้" "า" "ม") nil (k a21 m 2 ))
( ("ก" "้" "า" "ม" "ป" "ู") nil (k a21 m 2 p u11 ))
( ("ก" "้" "า" "ว") nil (k a21 w 2 ))
( ("ก" "้" "า" "ว" "ก" "่" "า" "ย") nil (k a21 w 2 k a21 j 1 ))
( ("ก" "้" "า" "ว" "ร" "้" "า" "ว") nil (k a21 w 2 r a21 w 3 ))
( ("ก" "้" "า" "ว" "ล" "่" "ว" "ง") nil (k a21 w 2 l u1 a11 n2 2 ))
( ("ก" "้" "า" "ว" "ห" "น" "้" "า") nil (k a21 w 2 n a21 2 ))
( ("ก" "๊" "ก") nil (k o1 kt 3 ))
( ("ก" "๊" "ว" "น") nil (k u1 a11 n 3 ))
( ("ก" "๊" "ว" "ย") nil (k u11 a1 j 3 ))
( ("ก" "๊" "อ" "ก") nil (k c2 kt 3 ))
( ("ก" "๊" "อ" "ก" "น" "้" "ำ") nil (k c2 kt 3 n a21 m 3 ))
( ("ก" "๊" "า" "ช") nil (k a21 t 3 ))
( ("ก" "๊" "า" "ซ") nil (k a21 tt 3 ))
( ("ก" "๊" "า" "ด") nil (k a21 tt 3 ))
( ("ก" "๋" "ง") nil (k o1 n2 4 ))
( ("ก" "๋" "ว" "ย" "จ" "ั" "๊" "บ") nil (k u1 a11 j 4 ta a1 pt 3 ))
( ("ก" "๋" "ว" "ย" "เ" "ต" "ี" "๋" "ย" "ว") nil (k u1 a11 j 4 t i1 a11 w 4 ))
( ("ก" "์") nil ())
( ("ข") nil (kh c1 4 ))
( ("ข" "ง" "จ" "ื" "๊" "อ") nil (kh o1 n2 4 ta w1 3 ))
( ("ข" "ง" "เ" "บ" "้" "ง") nil (kh o1 n2 4 b e1 n2 2 ))
( ("ข" "จ" "ร") nil (kh a1 1 ta c1 n ))
( ("ข" "จ" "ั" "ด") nil (kh a1 1 c a1 t 1 ))
( ("ข" "จ" "ั" "ด" "ป" "ั" "ญ" "ห" "า") nil (kh a1 1 c a1 t 1 p a1 n h a21 4 ))
( ("ข" "จ" "า" "ย") nil (kh a1 1 ta a21 j ))
( ("ข" "จ" "ี") nil (kh a1 1 ta i11 ))
( ("ข" "ณ" "ะ") nil (kh a1 1 n a1 q 1 ))
( ("ข" "ณ" "ะ" "ท" "ี" "่") nil (kh a1 1 n a1 1 th i11 2 ))
( ("ข" "ณ" "ะ" "น" "ี" "้") nil (kh a1 1 n a1 1 n i11 3 ))
( ("ข" "ณ" "ะ" "เ" "ด" "ี" "ย" "ว" "ก" "ั" "น") nil (kh a1 1 n a1 1 d i11 a1 w k a1 n ))
( ("ข" "ด") nil (kh o1 tt 1 ))
( ("ข" "ด" "ล" "ว" "ด") nil (kh o1 t 1 l u11 a1 t 2 ))
( ("ข" "ด" "า" "น") nil (kh a1 1 d a21 n ))
( ("ข" "น") nil (kh o1 n 4 ))
( ("ข" "น" "น" "ก") nil (kh o1 n 4 n o1 kt 3 ))
( ("ข" "น" "บ") nil (kh a1 1 n o1 pt 1 ))
( ("ข" "น" "ม") nil (kh a1 1 n o1 m 4 ))
( ("ข" "น" "ม" "จ" "ี" "น") nil (kh a1 1 n o1 m 4 ta i11 n ))
( ("ข" "น" "ม" "จ" "ี" "บ") nil (kh a1 1 n o1 m 4 ta i11 pt 1 ))
( ("ข" "น" "ม" "ป" "ั" "ง") nil (kh a1 1 n o1 m 4 p a1 n2 ))
( ("ข" "น" "ม" "ห" "ว" "า" "น") nil (kh a1 1 n o1 m 4 w a21 n 4 ))
( ("ข" "น" "ม" "เ" "บ" "ื" "้" "อ" "ง") nil (kh a1 1 n o1 m 4 b ww a11 n2 2 ))
( ("ข" "น" "ม" "เ" "ป" "ี" "ย" "ก" "ป" "ู" "น") nil (kh a1 1 n o1 m 4 p i1 a11 kt 1 p u11 n ))
( ("ข" "น" "ร" "ั" "ก" "แ" "ร" "้") nil (kh o1 n 4 r a1 kt 3 r ee11 3 ))
( ("ข" "น" "ส" "่" "ง") nil (kh o1 n 4 s o1 n2 1 ))
( ("ข" "น" "อ" "ุ" "ย") nil (kh o1 n 4 q u1 j ))
( ("ข" "น" "อ" "่" "อ" "น") nil (kh o1 n 4 q c1 n 1 ))
( ("ข" "น" "ั" "ด") nil (kh a1 1 n a1 tt 1 ))
( ("ข" "น" "า" "ด") nil (kh a1 1 n a21 tt 1 ))
( ("ข" "น" "า" "ด" "ท" "ี" "่") nil (kh a1 1 n a21 t 1 th i11 2 ))
( ("ข" "น" "า" "ด" "เ" "ล" "็" "ก") nil (kh a1 1 n a21 t 1 l e1 k 3 ))
( ("ข" "น" "า" "ด" "ใ" "ห" "ญ" "่") nil (kh a1 1 n a21 t 1 j a1 j 1 ))
( ("ข" "น" "า" "น") nil (kh a1 1 n a21 n 4 ))
( ("ข" "น" "ุ" "น") nil (kh a1 1 n u1 n 4 ))
( ("ข" "น" "เ" "พ" "ช" "ร") nil (kh o1 n 4 ph e1 tt 3 ))
( ("ข" "บ") nil (kh o1 pt 1 ))
( ("ข" "บ" "ถ") nil (kh a1 1 b o1 tt 1 ))
( ("ข" "บ" "ว" "น") nil (kh a1 1 b u1 a11 n ))
( ("ข" "บ" "ว" "น" "ก" "า" "ร") nil (kh a1 1 b u11 a1 n k a21 n ))
( ("ข" "บ" "ว" "ร") nil (kh a1 1 b u1 a11 n ))
( ("ข" "บ" "ู" "ร") nil (kh a1 1 b u11 n ))
( ("ข" "ม") nil (kh o1 m 4 ))
( ("ข" "ม" "ข" "ื" "่" "น") nil (kh o1 m 4 kh w1 n 1 ))
( ("ข" "ม" "า") nil (kh a1 1 m a21 ))
( ("ข" "ม" "ิ" "้" "น") nil (kh a1 1 m i1 n 2 ))
( ("ข" "ม" "ิ" "้" "น" "ก" "ั" "บ" "ป" "ู" "น") nil (kh a1 1 m i1 n 2 k a1 pt 1 p u11 n ))
( ("ข" "ม" "ุ") nil (kh a1 1 m u1 q 1 ))
( ("ข" "ย" "ะ") nil (kh a1 1 j a1 q 1 ))
( ("ข" "ย" "ะ" "แ" "ข" "ย" "ง") nil (kh a1 1 j a1 1 kh a1 1 j ee11 n2 4 ))
( ("ข" "ย" "ั" "น") nil (kh a1 1 j a1 n 4 ))
( ("ข" "ย" "ั" "บ") nil (kh a1 1 j a1 pt 1 ))
( ("ข" "ย" "า" "ด") nil (kh a1 1 j a21 tt 1 ))
( ("ข" "ย" "า" "ย") nil (kh a1 1 j a21 j 4 ))
( ("ข" "ย" "า" "ย" "ค" "ว" "า" "ม") nil (kh a1 1 j a21 j 4 kh w a21 m ))
( ("ข" "ย" "า" "ย" "ต" "ั" "ว") nil (kh a1 1 j a21 j 4 t u11 a1 ))
( ("ข" "ย" "า" "ย" "เ" "ส" "ี" "ย" "ง") nil (kh a1 1 j a21 j 4 s i11 a1 n2 4 ))
( ("ข" "ย" "ิ" "บ") nil (kh a1 1 j i1 pt 1 ))
( ("ข" "ย" "ี" "้") nil (kh a1 1 j i11 2 ))
( ("ข" "ย" "ุ" "ก" "ข" "ย" "ิ" "ก") nil (kh a1 1 j u1 kt 1 kh a1 1 j i1 kt 1 ))
( ("ข" "ร" "ึ" "ม") nil (kh r ww m 4 ))
( ("ข" "ร" "ุ" "ข" "ร" "ะ") nil (kh r u1 1 kh r a1 q 1 ))
( ("ข" "ล" "า" "ด") nil (kh l a21 tt 1 ))
( ("ข" "ล" "ิ" "บ") nil (kh l i1 pt 1 ))
( ("ข" "ล" "ุ" "่" "ย") nil (kh l u1 j 1 ))
( ("ข" "ล" "ุ" "่" "ย" "อ" "ู" "้") nil (kh l u1 j 1 q u11 2 ))
( ("ข" "ว" "ด") nil (kh u1 a11 tt 1 ))
( ("ข" "ว" "บ") nil (kh u1 a11 pt 1 ))
( ("ข" "ว" "ั" "ญ") nil (kh w a1 n 4 ))
( ("ข" "ว" "า") nil (kh w a21 4 ))
( ("ข" "ว" "า" "ก") nil (kh w a21 kt 1 ))
( ("ข" "ว" "า" "ก" "ห" "น" "า" "ม") nil (kh w a21 kt 1 n a21 m 4 ))
( ("ข" "ว" "า" "ง") nil (kh w a21 n2 4 ))
( ("ข" "ว" "า" "ง" "ท" "า" "ง") nil (kh w a21 n2 4 th a21 n2 ))
( ("ข" "ว" "า" "น") nil (kh w a21 n 4 ))
( ("ข" "ว" "ิ" "ด") nil (kh w i1 tt 1 ))
( ("ข" "ว" "้" "า" "ง") nil (kh w a21 n2 2 ))
( ("ข" "ว" "้" "า" "ว") nil (kh w a21 w 2 ))
( ("ข" "อ") nil (kh c1 4 ))
( ("ข" "อ" "ค" "ว" "า" "ม" "ช" "่" "ว" "ย" "เ" "ห" "ล" "ื" "อ") nil (kh c1 4 kh w a21 m c u11 a1 j 2 l w1 a1 4 ))
( ("ข" "อ" "ง") nil (kh c1 n2 4 ))
( ("ข" "อ" "ง" "ก" "ำ" "น" "ั" "ล") nil (kh c1 n2 4 k a1 m n a1 n ))
( ("ข" "อ" "ง" "ก" "ิ" "น") nil (kh c1 n2 4 k i1 n ))
( ("ข" "อ" "ง" "ข" "ล" "ั" "ง") nil (kh c1 n2 4 kh l a1 n2 4 ))
( ("ข" "อ" "ง" "ข" "ว" "ั" "ญ") nil (kh c1 n2 4 kh w a1 n 4 ))
( ("ข" "อ" "ง" "ช" "ำ") nil (kh c1 n2 4 tah a1 m ))
( ("ข" "อ" "ง" "ด" "ี") nil (kh c1 n2 4 d i11 ))
( ("ข" "อ" "ง" "ต" "ล" "า" "ด") nil (kh c1 n2 4 t a1 1 l a21 t 1 ))
( ("ข" "อ" "ง" "ฝ" "า" "ก") nil (kh c1 n2 4 f a21 kt 1 ))
( ("ข" "อ" "ง" "ว" "่" "า" "ง") nil (kh c1 n2 4 w a21 n2 2 ))
( ("ข" "อ" "ง" "ส" "ู" "ง") nil (kh c1 n2 4 s u11 n2 4 ))
( ("ข" "อ" "ง" "ห" "ม" "ั" "้" "น") nil (kh c1 n2 4 m a1 n 2 ))
( ("ข" "อ" "ง" "ห" "ว" "า" "น") nil (kh c1 n2 4 w a21 n 4 ))
( ("ข" "อ" "ง" "เ" "ล" "่" "น") nil (kh c1 n2 4 l e1 n 2 ))
( ("ข" "อ" "ง" "เ" "ส" "ี" "ย") nil (kh c1 n2 4 s i11 a1 4 ))
( ("ข" "อ" "ง" "เ" "ห" "ล" "ว") nil (kh c1 n2 4 l e11 w 4 ))
( ("ข" "อ" "ง" "เ" "ห" "ล" "ื" "อ") nil (kh c1 n2 4 l w1 a1 4 ))
( ("ข" "อ" "ง" "แ" "ข" "็" "ง") nil (kh c1 n2 4 kh ee1 n2 4 ))
( ("ข" "อ" "ง" "โ" "จ" "ร") nil (kh c1 n2 4 ta o11 n ))
( ("ข" "อ" "ง" "ไ" "ห" "ล") nil (kh c1 n2 4 l a1 j 4 ))
( ("ข" "อ" "ท" "า" "น") nil (kh c1 4 th a21 n ))
( ("ข" "อ" "น") nil (kh c1 n 4 ))
( ("ข" "อ" "น" "แ" "ก" "่" "น") nil (kh c1 n 4 k ee1 n 1 ))
( ("ข" "อ" "น" "ไ" "ม" "้") nil (kh c1 n 4 m a21 j 3 ))
( ("ข" "อ" "บ") nil (kh c1 pt 1 ))
( ("ข" "อ" "บ" "ค" "ุ" "ณ") nil (kh c1 pt 1 kh u1 n ))
( ("ข" "อ" "บ" "พ" "ร" "ะ" "ค" "ุ" "ณ") nil (kh c1 pt 1 ph r a1 3 kh u1 n ))
( ("ข" "อ" "บ" "ฟ" "้" "า") nil (kh c1 pt 1 f a21 3 ))
( ("ข" "อ" "บ" "เ" "ข" "ต") nil (kh c1 p 1 kh e11 t 1 ))
( ("ข" "อ" "บ" "ใ" "จ") nil (kh c1 pt 1 ta a1 j ))
( ("ข" "อ" "ม") nil (kh c1 m 4 ))
( ("ข" "อ" "ย" "ื" "ม") nil (kh c1 4 j w1 m ))
( ("ข" "อ" "ร" "ั" "บ") nil (kh c1 4 r a1 pt 3 ))
( ("ข" "อ" "ร" "้" "อ" "ง") nil (kh c1 4 r c1 n2 3 ))
( ("ข" "อ" "แ" "ส" "ด" "ง" "ค" "ว" "า" "ม" "ย" "ิ" "น" "ด" "ี") nil (kh c1 4 s a1 1 d ee11 n2 kh w a21 m j i1 n d i11 ))
( ("ข" "อ" "โ" "ท" "ษ") nil (kh c1 4 th o11 tt 2 ))
( ("ข" "อ" "ใ" "ห" "้") nil (kh c1 4 h a1 j 2 ))
( ("ข" "ั" "ง") nil (kh a1 n2 4 ))
( ("ข" "ั" "ด") nil (kh a1 tt 1 ))
( ("ข" "ั" "ด" "ข" "ว" "า" "ง") nil (kh a1 tt 1 kh w a21 n2 4 ))
( ("ข" "ั" "ด" "ข" "ื" "น") nil (kh a1 tt 1 kh w1 n 4 ))
( ("ข" "ั" "ด" "ข" "้" "อ" "ง") nil (kh a1 tt 1 kh c2 n2 2 ))
( ("ข" "ั" "ด" "จ" "ั" "ง" "ห" "ว" "ะ") nil (kh a1 t 1 c a1 n2 w a1 1 ))
( ("ข" "ั" "ด" "เ" "ก" "ล" "า") nil (kh a1 tt 1 k l a1 w ))
( ("ข" "ั" "ด" "แ" "ย" "้" "ง") nil (kh a1 tt 1 j ee11 n2 3 ))
( ("ข" "ั" "ด" "ใ" "จ") nil (kh a1 tt 1 ta a1 j ))
( ("ข" "ั" "น" "ท" "อ" "ง" "พ" "ย" "า" "บ" "า" "ท") nil (kh a1 n 4 th c1 n2 ph a1 3 j a21 b a21 tt 1 ))
( ("ข" "ั" "น" "ท" "ี") nil (kh a1 n 4 th i11 ))
( ("ข" "ั" "น" "ห" "ม" "า" "ก") nil (kh a1 n 4 m a21 kt 1 ))
( ("ข" "ั" "บ") nil (kh a1 pt 1 ))
( ("ข" "ั" "บ" "ข" "ี" "่") nil (kh a1 pt 1 kh i11 1 ))
( ("ข" "ั" "บ" "ร" "้" "อ" "ง") nil (kh a1 pt 1 r c1 n2 3 ))
( ("ข" "ั" "บ" "เ" "ค" "ล" "ื" "่" "อ" "น") nil (kh a1 pt 1 kh l ww a11 n 2 ))
( ("ข" "ั" "บ" "เ" "ค" "ล" "ื" "่" "อ" "น" "ด" "้" "ว" "ย") nil (kh a1 p 1 kh l w1 a1 n 2 d u11 a1 j 2 ))
( ("ข" "ั" "บ" "ไ" "ล" "่") nil (kh a1 pt 1 l a1 j 2 ))
( ("ข" "ั" "้" "น") nil (kh a1 n 2 ))
( ("ข" "ั" "้" "น" "ต" "อ" "น") nil (kh a1 n 2 t c1 n ))
( ("ข" "ั" "้" "น" "ต" "้" "น") nil (kh a1 n 2 t o1 n 2 ))
( ("ข" "ั" "้" "น" "บ" "ั" "น" "ไ" "ด") nil (kh a1 n 2 b a1 n d a1 j ))
( ("ข" "ั" "้" "น" "พ" "ื" "้" "น" "ฐ" "า" "น") nil (kh a1 n 2 ph w1 n 3 th a21 n 4 ))
( ("ข" "ั" "้" "น" "ส" "ุ" "ด" "ท" "้" "า" "ย") nil (kh a1 n 2 s u1 t 1 th a21 j 3 ))
( ("ข" "ั" "้" "น" "ส" "ู" "ง") nil (kh a1 n 2 s u11 n2 4 ))
( ("ข" "ั" "้" "น" "แ" "ร" "ก") nil (kh a1 n 2 r ee11 k 2 ))
( ("ข" "ั" "้" "ว") nil (kh u1 a11 2 ))
( ("ข" "ั" "้" "ว" "โ" "ล" "ก") nil (kh u1 a11 2 l o11 kt 2 ))
( ("ข" "ั" "้" "ว" "โ" "ล" "ก" "เ" "ห" "น" "ื" "อ") nil (kh u11 a1 2 l o11 k 2 n w1 a1 4 ))
( ("ข" "ั" "้" "ว" "โ" "ล" "ก" "ใ" "ต" "้") nil (kh u11 a1 2 l o11 k 2 t a21 j 2 ))
( ("ข" "า") nil (kh a21 4 ))
( ("ข" "า" "ก" "ร" "ร" "ไ" "ก" "ร") nil (kh a21 4 k a1 n k r a1 j ))
( ("ข" "า" "ด") nil (kh a21 tt 1 ))
( ("ข" "า" "ด" "ค" "อ" "ช" "้" "า" "ง") nil (kh a21 tt 1 kh c1 tah a21 n2 3 ))
( ("ข" "า" "ด" "ด" "ุ" "ล") nil (kh a21 t 1 d u1 n ))
( ("ข" "า" "ด" "ด" "ุ" "ล" "ก" "า" "ร" "ค" "้" "า") nil (kh a21 t 1 d u1 n k a21 n kh a21 3 ))
( ("ข" "า" "ด" "แ" "ค" "ล" "น") nil (kh a21 t 1 kh l ee11 n ))
( ("ข" "า" "ด" "ใ" "จ") nil (kh a21 tt 1 ta a1 j ))
( ("ข" "า" "น") nil (kh a21 n 4 ))
( ("ข" "า" "ม") nil (kh a21 m 4 ))
( ("ข" "า" "ย") nil (kh a21 j 4 ))
( ("ข" "า" "ย" "ต" "ั" "ว") nil (kh a21 j 4 t u1 a11 ))
( ("ข" "า" "ย" "ห" "น" "้" "า") nil (kh a21 j 4 n a21 2 ))
( ("ข" "า" "ล") nil (kh a21 n 4 ))
( ("ข" "า" "ว") nil (kh a21 w 4 ))
( ("ข" "า" "อ" "อ" "ก") nil (kh a21 4 q c1 k 1 ))
( ("ข" "ำ") nil (kh a1 m 4 ))
( ("ข" "ิ" "ง") nil (kh i1 n2 4 ))
( ("ข" "ิ" "ม") nil (kh i1 m 4 ))
( ("ข" "ี" "ด") nil (kh i11 tt 1 ))
( ("ข" "ี" "ด" "ค" "ว" "า" "ม" "ส" "า" "ม" "า" "ร" "ถ") nil (kh i11 t 1 kh w a21 m s a21 4 m a21 t 2 ))
( ("ข" "ี" "ด" "ฆ" "่" "า") nil (kh i11 tt 1 kh a21 2 ))
( ("ข" "ี" "ด" "จ" "ำ" "ก" "ั" "ด") nil (kh i11 tt 1 ta a1 m k a1 tt 1 ))
( ("ข" "ี" "ด" "เ" "ส" "้" "น" "ใ" "ต" "้") nil (kh i11 t 1 s e11 n 2 t a21 j 2 ))
( ("ข" "ี" "ป" "น" "า" "ว" "ุ" "ธ") nil (kh i11 4 p a1 1 n a21 w u1 tt 3 ))
( ("ข" "ี" "่") nil (kh i11 1 ))
( ("ข" "ี" "่" "ช" "้" "า" "ง" "จ" "ั" "บ" "ต" "ั" "๊" "ก" "แ" "ต" "น") nil (kh i11 1 tah a21 n2 3 ta a1 pt 1 t a1 kt 3 k a1 1 t ee11 n ))
( ("ข" "ี" "้") nil (kh i11 2 ))
( ("ข" "ี" "้" "ข" "ล" "า" "ด") nil (kh i11 2 kh l a21 tt 1 ))
( ("ข" "ี" "้" "ข" "้" "า") nil (kh i11 2 kh a21 2 ))
( ("ข" "ี" "้" "ค" "ร" "้" "า" "น") nil (kh i11 2 kh r a21 n 3 ))
( ("ข" "ี" "้" "ต" "า") nil (kh i11 2 t a21 ))
( ("ข" "ี" "้" "ท" "ู" "ด") nil (kh i11 2 th u11 tt 2 ))
( ("ข" "ี" "้" "ผ" "ึ" "้" "ง") nil (kh i11 2 ph ww n2 2 ))
( ("ข" "ี" "้" "ม" "ู" "ก") nil (kh i11 2 m u11 kt 2 ))
( ("ข" "ี" "้" "ร" "า" "ด" "โ" "ท" "ษ" "ล" "่" "อ" "ง") nil (kh i11 2 r a21 tt 2 th o11 tt 2 l c2 n2 2 ))
( ("ข" "ี" "้" "ล" "ื" "ม") nil (kh i11 2 l w1 m ))
( ("ข" "ี" "้" "ห" "น" "ู") nil (kh i11 2 n u11 4 ))
( ("ข" "ี" "้" "ห" "ม" "ู" "ข" "ี" "้" "ห" "ม" "า") nil (kh i11 2 m u11 4 kh i11 2 m a21 4 ))
( ("ข" "ี" "้" "ห" "ู") nil (kh i11 2 h u11 4 ))
( ("ข" "ี" "้" "เ" "ก" "ี" "ย" "จ") nil (kh i11 2 k i1 a11 tt 1 ))
( ("ข" "ี" "้" "เ" "ถ" "้" "า") nil (kh i11 2 th a1 w 2 ))
( ("ข" "ี" "้" "เ" "ร" "ื" "้" "อ" "น") nil (kh i11 2 r ww a11 n 3 ))
( ("ข" "ี" "้" "เ" "ล" "ื" "่" "อ" "ย") nil (kh i11 2 l ww a11 j 2 ))
( ("ข" "ี" "้" "เ" "ห" "น" "ี" "ย" "ว") nil (kh i11 2 n i1 a11 w 4 ))
( ("ข" "ี" "้" "เ" "ห" "ร" "่") nil (kh i11 2 r e11 1 ))
( ("ข" "ี" "้" "เ" "ห" "ล" "็" "ก") nil (kh i11 2 l e1 kt 1 ))
( ("ข" "ี" "้" "เ" "ห" "ล" "้" "า") nil (kh i11 2 l a1 w 2 ))
( ("ข" "ี" "้" "แ" "ย") nil (kh i11 2 j ee11 ))
( ("ข" "ี" "้" "โ" "ก" "ง") nil (kh i11 2 k o11 n2 ))
( ("ข" "ี" "้" "ไ" "ค" "ล") nil (kh i11 2 kh l a1 j ))
( ("ข" "ึ" "ง") nil (kh ww n2 4 ))
( ("ข" "ึ" "ง" "ข" "ั" "ง") nil (kh ww n2 4 kh a1 n2 4 ))
( ("ข" "ึ" "้" "น") nil (kh ww n 2 ))
( ("ข" "ึ" "้" "น" "ก" "ั" "บ") nil (kh ww n 2 k a1 p 1 ))
( ("ข" "ึ" "้" "น" "ฉ" "่" "า" "ย") nil (kh ww n 2 tah a21 j 1 ))
( ("ข" "ึ" "้" "น" "ท" "ะ" "เ" "บ" "ี" "ย" "น") nil (kh ww n 2 th a1 3 b i1 a11 n ))
( ("ข" "ึ" "้" "น" "อ" "ย" "ู" "่" "ก" "ั" "บ") nil (kh ww n 2 j u11 1 k a1 p 1 ))
( ("ข" "ึ" "้" "น" "ไ" "ป") nil (kh ww n 2 p a1 j ))
( ("ข" "ื" "น") nil (kh w1 n 4 ))
( ("ข" "ื" "่" "อ") nil (kh w1 1 ))
( ("ข" "ุ" "ด") nil (kh u1 tt 1 ))
( ("ข" "ุ" "น") nil (kh u1 n 4 ))
( ("ข" "ุ" "น" "น" "า" "ง") nil (kh u1 n 4 n a21 n2 ))
( ("ข" "ุ" "น" "ห" "ม" "ื" "่" "น") nil (kh u1 n 4 m w1 n 1 ))
( ("ข" "ุ" "ม") nil (kh u1 m 4 ))
( ("ข" "ุ" "ย") nil (kh u1 j 4 ))
( ("ข" "ุ" "่" "น") nil (kh u1 n 1 ))
( ("ข" "ุ" "่" "น" "เ" "ค" "ื" "อ" "ง") nil (kh u1 n 1 kh ww a11 n2 ))
( ("ข" "ู" "ด") nil (kh u11 tt 1 ))
( ("ข" "ู" "่") nil (kh u11 1 ))
( ("ข" "โ" "ม" "ย") nil (kh a1 m o11 j ))
( ("ข" "่" "ม") nil (kh o1 m 1 ))
( ("ข" "่" "ม" "ข" "ว" "ั" "ญ") nil (tah o1 m 2 kh w a1 n 4 ))
( ("ข" "่" "ม" "ข" "ื" "น") nil (kh o1 m 1 kh w1 n 4 ))
( ("ข" "่" "ม" "ข" "ื" "น" "ก" "ร" "ะ" "ท" "ำ" "ช" "ำ" "เ" "ร" "า") nil (kh o1 m 1 kh w1 n 4 k r a1 1 th a1 m tah a1 m r a1 w ))
( ("ข" "่" "ม" "ข" "ู" "่") nil (kh o1 m 1 kh u11 1 ))
( ("ข" "่" "ม" "เ" "ห" "ง") nil (kh o1 m 1 h e11 n2 4 ))
( ("ข" "่" "ว" "น") nil (kh u1 a11 n 1 ))
( ("ข" "่" "า") nil (kh a21 1 ))
( ("ข" "่" "า" "ง") nil (kh a21 n2 1 ))
( ("ข" "่" "า" "ย") nil (kh a21 j 1 ))
( ("ข" "่" "า" "ย" "ง" "า" "น") nil (kh a21 j 1 n2 a21 n ))
( ("ข" "่" "า" "ย" "โ" "ท" "ร" "ศ" "ั" "พ" "ท" "์") nil (kh a21 j 1 th o11 r a1 3 s a1 p 1 ))
( ("ข" "่" "า" "ว") nil (kh a21 w 1 ))
( ("ข" "่" "า" "ว" "ค" "ร" "า" "ว") nil (kh a21 w 1 kh r a21 w ))
( ("ข" "่" "า" "ว" "ล" "ื" "อ") nil (kh a21 w 1 l w1 ))
( ("ข" "่" "า" "ว" "ส" "า" "ร") nil (kh a21 w 1 s a21 n 4 ))
( ("ข" "้" "น") nil (kh o1 n 2 ))
( ("ข" "้" "อ") nil (kh c1 2 ))
( ("ข" "้" "อ" "ก" "ำ" "ห" "น" "ด") nil (kh c1 2 k a1 m n o1 t 1 ))
( ("ข" "้" "อ" "ค" "ว" "า" "ม") nil (kh c1 2 kh w a21 m ))
( ("ข" "้" "อ" "ค" "ิ" "ด") nil (kh c1 2 kh i1 t 3 ))
( ("ข" "้" "อ" "ค" "ิ" "ด" "เ" "ห" "็" "น") nil (kh c1 2 kh i1 t 3 h e1 n 4 ))
( ("ข" "้" "อ" "ง") nil (kh c2 n2 2 ))
( ("ข" "้" "อ" "จ" "ำ" "ก" "ั" "ด") nil (kh c1 2 ta a1 m k a1 tt 1 ))
( ("ข" "้" "อ" "ด" "ี") nil (kh c1 2 d i11 ))
( ("ข" "้" "อ" "ต" "ก" "ล" "ง") nil (kh c1 2 t o1 kt 1 l o1 n2 ))
( ("ข" "้" "อ" "ต" "่" "อ") nil (kh c1 2 t c1 1 ))
( ("ข" "้" "อ" "น" "่" "า" "ส" "ั" "ง" "เ" "ก" "ต") nil (kh c1 2 n a21 2 s a1 n2 4 k e11 t 1 ))
( ("ข" "้" "อ" "บ" "ั" "ง" "ค" "ั" "บ") nil (kh c1 2 b a1 n2 kh a1 pt 3 ))
( ("ข" "้" "อ" "ป" "ล" "ี" "ก" "ย" "่" "อ" "ย") nil (kh c1 2 p l i11 k 1 j c1 j 2 ))
( ("ข" "้" "อ" "ผ" "ิ" "ด" "พ" "ล" "า" "ด") nil (kh c1 2 ph i1 tt 1 ph l a21 tt 2 ))
( ("ข" "้" "อ" "ผ" "ู" "ก" "ม" "ั" "ด") nil (kh c1 2 ph u11 kt 1 m a1 tt 3 ))
( ("ข" "้" "อ" "ม" "ื" "อ") nil (kh c1 2 m w1 ))
( ("ข" "้" "อ" "ม" "ู" "ล") nil (kh c1 2 m u11 n ))
( ("ข" "้" "อ" "ม" "ู" "ล" "ข" "่" "า" "ว" "ส" "า" "ร") nil (kh c1 2 m u11 n kh a21 w 1 s a21 n 4 ))
( ("ข" "้" "อ" "ม" "ู" "ล" "อ" "อ" "ก") nil (kh c1 2 m u11 n q c1 k 1 ))
( ("ข" "้" "อ" "ม" "ู" "ล" "เ" "ข" "้" "า") nil (kh c1 2 m u11 n kh a1 w 2 ))
( ("ข" "้" "อ" "ย" "ก" "เ" "ว" "้" "น") nil (kh c1 2 j o1 kt 3 w e1 n 3 ))
( ("ข" "้" "อ" "ศ" "อ" "ก") nil (kh c1 2 s c1 kt 1 ))
( ("ข" "้" "อ" "ส" "ร" "ุ" "ป") nil (kh c1 2 s a1 1 r u1 p 1 ))
( ("ข" "้" "อ" "ส" "อ" "บ") nil (kh c1 2 s c1 pt 1 ))
( ("ข" "้" "อ" "ส" "ั" "น" "น" "ิ" "ษ" "ฐ" "า" "น") nil (kh c1 2 s a1 n 4 n i1 tt 3 th a21 n 4 ))
( ("ข" "้" "อ" "ห" "้" "า" "ม") nil (kh c1 2 h a21 m 2 ))
( ("ข" "้" "อ" "อ" "้" "า" "ง") nil (kh c1 2 q a21 n2 2 ))
( ("ข" "้" "อ" "เ" "ท" "็" "จ" "จ" "ร" "ิ" "ง") nil (kh c1 2 th e1 tt 3 ta i1 n2 ))
( ("ข" "้" "อ" "เ" "ท" "้" "า") nil (kh c1 2 th a21 w 3 ))
( ("ข" "้" "อ" "เ" "ป" "ร" "ี" "ย" "บ" "เ" "ท" "ี" "ย" "บ") nil (kh c1 2 p r i11 a1 p 1 th i11 a1 p 2 ))
( ("ข" "้" "อ" "เ" "ส" "น" "อ") nil (kh c1 2 s a1 1 n r1 4 ))
( ("ข" "้" "อ" "เ" "ส" "น" "อ" "แ" "น" "ะ") nil (kh c1 2 s a1 1 n r1 4 n ee1 3 ))
( ("ข" "้" "อ" "เ" "ส" "ี" "ย") nil (kh c1 2 s i1 a11 4 ))
( ("ข" "้" "อ" "แ" "ก" "้" "ต" "ั" "ว") nil (kh c1 2 k ee11 2 t u1 a11 ))
( ("ข" "้" "อ" "แ" "น" "ะ" "น" "ำ") nil (kh c1 2 n ee1 3 n a1 m ))
( ("ข" "้" "อ" "แ" "ม" "้") nil (kh c1 2 m ee11 3 ))
( ("ข" "้" "อ" "ไ" "ด" "้" "เ" "ป" "ร" "ี" "ย" "บ") nil (kh c1 2 d a21 j 2 p r i11 a1 p 1 ))
( ("ข" "้" "า") nil (kh a21 2 ))
( ("ข" "้" "า" "ง") nil (kh a21 n2 2 ))
( ("ข" "้" "า" "ง" "ต" "้" "น") nil (kh a21 n2 2 t o1 n 2 ))
( ("ข" "้" "า" "ง" "น" "อ" "ก") nil (kh a21 n2 2 n c1 kt 2 ))
( ("ข" "้" "า" "ง" "น" "้" "อ" "ย") nil (kh a21 n2 2 n c1 j 3 ))
( ("ข" "้" "า" "ง" "บ" "น") nil (kh a21 n2 2 b o1 n ))
( ("ข" "้" "า" "ง" "ม" "า" "ก") nil (kh a21 n2 2 m a21 k 2 ))
( ("ข" "้" "า" "ง" "ล" "่" "า" "ง") nil (kh a21 n2 2 l a21 n2 2 ))
( ("ข" "้" "า" "ง" "ห" "น" "้" "า") nil (kh a21 n2 2 n a21 2 ))
( ("ข" "้" "า" "ง" "ห" "ล" "ั" "ง") nil (kh a21 n2 2 l a1 n2 4 ))
( ("ข" "้" "า" "ง" "เ" "ค" "ี" "ย" "ง") nil (kh a21 n2 2 kh i11 a1 n2 ))
( ("ข" "้" "า" "ง" "ใ" "น") nil (kh a21 n2 2 n a1 j ))
( ("ข" "้" "า" "น" "้" "อ" "ย") nil (kh a21 2 n c1 j 3 ))
( ("ข" "้" "า" "พ" "ร" "ะ" "พ" "ุ" "ท" "ธ" "เ" "จ" "้" "า") nil (kh a21 2 ph r a1 3 ph u1 tt 3 th a1 3 ta a21 w 2 ))
( ("ข" "้" "า" "พ" "เ" "จ" "้" "า") nil (kh a21 2 ph a1 3 ta a21 w 2 ))
( ("ข" "้" "า" "ม") nil (kh a21 m 2 ))
( ("ข" "้" "า" "ม" "ช" "า" "ต" "ิ") nil (kh a21 m 2 tah a21 tt 2 ))
( ("ข" "้" "า" "ม" "น" "้" "ำ" "ข" "้" "า" "ม" "ท" "ะ" "เ" "ล") nil (kh a21 m 2 n a21 m 3 kh a21 m 2 th a1 3 l e11 ))
( ("ข" "้" "า" "ม" "แ" "ด" "น") nil (kh a21 m 2 d ee11 n ))
( ("ข" "้" "า" "ร" "า" "ช" "ก" "า" "ร") nil (kh a21 2 r a21 tt 2 tah a1 3 k a21 n ))
( ("ข" "้" "า" "ว") nil (kh a21 w 2 ))
( ("ข" "้" "า" "ว" "ก" "ล" "้" "อ" "ง") nil (kh a21 w 2 k l c1 n2 2 ))
( ("ข" "้" "า" "ว" "ค" "ล" "ุ" "ก" "ก" "ะ" "ป" "ิ") nil (kh a21 w 2 kh l u1 kt 3 k a1 1 p i1 q 1 ))
( ("ข" "้" "า" "ว" "ต" "้" "ม") nil (kh a21 w 2 t o1 m 2 ))
( ("ข" "้" "า" "ว" "ผ" "ั" "ด") nil (kh a21 w 2 ph a1 tt 1 ))
( ("ข" "้" "า" "ว" "ฟ" "่" "า" "ง") nil (kh a21 w 2 f a21 n2 2 ))
( ("ข" "้" "า" "ว" "ส" "ว" "ย") nil (kh a21 w 2 s u1 a11 j 4 ))
( ("ข" "้" "า" "ว" "ส" "า" "ร") nil (kh a21 w 2 s a21 n 4 ))
( ("ข" "้" "า" "ว" "ส" "า" "ล" "ี") nil (kh a21 w 2 s a21 4 l i11 ))
( ("ข" "้" "า" "ว" "ห" "ล" "า" "ม") nil (kh a21 w 2 l a21 m 4 ))
( ("ข" "้" "า" "ว" "ห" "ล" "า" "ม" "ต" "ั" "ด") nil (kh a21 w 2 l a21 m 4 t a1 tt 1 ))
( ("ข" "้" "า" "ว" "เ" "ก" "ร" "ี" "ย" "บ") nil (kh a21 w 2 k r i1 a11 pt 1 ))
( ("ข" "้" "า" "ว" "เ" "ย" "็" "น") nil (kh a21 w 2 j e1 n ))
( ("ข" "้" "า" "ว" "เ" "ห" "น" "ี" "ย" "ว") nil (kh a21 w 2 n i1 a11 w 4 ))
( ("ข" "้" "า" "ว" "แ" "ด" "ง" "แ" "ก" "ง" "ร" "้" "อ" "น") nil (kh a21 w 2 d ee11 n2 k ee11 n2 r c1 n 3 ))
( ("ข" "้" "า" "ว" "โ" "พ" "ด") nil (kh a21 w 2 ph o11 tt 2 ))
( ("ข" "้" "า" "ว" "โ" "พ" "ด" "ค" "ั" "่" "ว") nil (kh a21 w 2 ph o11 tt 2 kh u1 a11 2 ))
( ("ข" "้" "า" "ว" "โ" "อ" "๊" "ต") nil (kh a21 w 2 q o11 tt 3 ))
( ("ข" "้" "า" "ศ" "ึ" "ก") nil (kh a21 2 s ww kt 1 ))
( ("ข" "้" "า" "เ" "จ" "้" "า") nil (kh a21 2 ta a1 w 2 ))
( ("ค") nil (kh c1 ))
( ("ค" "." "ศ" ".") nil (kh c1 s c1 4 ))
( ("ค" "ค") nil (kh o1 k 3 ))
( ("ค" "ง") nil (kh o1 n2 ))
( ("ค" "ง" "ค" "ล" "ั" "ง") nil (kh o1 n2 kh l a1 n2 ))
( ("ค" "ง" "ค" "า") nil (kh o1 n2 kh a21 ))
( ("ค" "ง" "จ" "ะ") nil (kh o1 n2 ta a1 q 1 ))
( ("ค" "ง" "ต" "ั" "ว") nil (kh o1 n2 t u1 a11 ))
( ("ค" "ง" "ท" "ี" "่") nil (kh o1 n2 th i11 2 ))
( ("ค" "ง" "อ" "ย" "ู" "่") nil (kh o1 n2 j u11 1 ))
( ("ค" "ง" "เ" "ด" "ิ" "ม") nil (kh o1 n2 d r1 m ))
( ("ค" "ง" "เ" "ส" "้" "น" "ค" "ง" "ว" "า") nil (kh o1 n2 s e1 n 2 kh o1 n2 w a21 ))
( ("ค" "ง" "เ" "ห" "ล" "ื" "อ") nil (kh o1 n2 l w1 a1 4 ))
